nohup: ignoring input
/media/SSD2/kavindya/Model/TFS-ViT_Token-level_Feature_Stylization/domainbed/visiontransformer.py:962: UserWarning: Overwriting vit_small_patch16_224 in registry with domainbed.visiontransformer.vit_small_patch16_224. This is because the name being registered conflicts with an existing name. Please check if this is not expected.
  def vit_small_patch16_224(pretrained=False, **kwargs):
/media/SSD2/kavindya/Model/TFS-ViT_Token-level_Feature_Stylization/domainbed/visiontransformer.py:975: UserWarning: Overwriting vit_base_patch16_224 in registry with domainbed.visiontransformer.vit_base_patch16_224. This is because the name being registered conflicts with an existing name. Please check if this is not expected.
  def vit_base_patch16_224(pretrained=False, **kwargs):
/media/SSD2/kavindya/Model/TFS-ViT_Token-level_Feature_Stylization/domainbed/visiontransformer.py:987: UserWarning: Overwriting vit_base_patch16_384 in registry with domainbed.visiontransformer.vit_base_patch16_384. This is because the name being registered conflicts with an existing name. Please check if this is not expected.
  def vit_base_patch16_384(pretrained=False, **kwargs):
/media/SSD2/kavindya/Model/TFS-ViT_Token-level_Feature_Stylization/domainbed/visiontransformer.py:998: UserWarning: Overwriting vit_base_patch32_384 in registry with domainbed.visiontransformer.vit_base_patch32_384. This is because the name being registered conflicts with an existing name. Please check if this is not expected.
  def vit_base_patch32_384(pretrained=False, **kwargs):
/media/SSD2/kavindya/Model/TFS-ViT_Token-level_Feature_Stylization/domainbed/visiontransformer.py:1009: UserWarning: Overwriting vit_large_patch16_224 in registry with domainbed.visiontransformer.vit_large_patch16_224. This is because the name being registered conflicts with an existing name. Please check if this is not expected.
  def vit_large_patch16_224(pretrained=False, **kwargs):
/media/SSD2/kavindya/Model/TFS-ViT_Token-level_Feature_Stylization/domainbed/visiontransformer.py:1020: UserWarning: Overwriting vit_large_patch16_384 in registry with domainbed.visiontransformer.vit_large_patch16_384. This is because the name being registered conflicts with an existing name. Please check if this is not expected.
  def vit_large_patch16_384(pretrained=False, **kwargs):
/media/SSD2/kavindya/Model/TFS-ViT_Token-level_Feature_Stylization/domainbed/visiontransformer.py:1031: UserWarning: Overwriting vit_large_patch32_384 in registry with domainbed.visiontransformer.vit_large_patch32_384. This is because the name being registered conflicts with an existing name. Please check if this is not expected.
  def vit_large_patch32_384(pretrained=False, **kwargs):
/media/SSD2/kavindya/Model/TFS-ViT_Token-level_Feature_Stylization/domainbed/visiontransformer.py:1057: UserWarning: Overwriting vit_small_resnet26d_224 in registry with domainbed.visiontransformer.vit_small_resnet26d_224. This is because the name being registered conflicts with an existing name. Please check if this is not expected.
  def vit_small_resnet26d_224(pretrained=False, **kwargs):
/media/SSD2/kavindya/Model/TFS-ViT_Token-level_Feature_Stylization/domainbed/visiontransformer.py:1077: UserWarning: Overwriting vit_base_resnet26d_224 in registry with domainbed.visiontransformer.vit_base_resnet26d_224. This is because the name being registered conflicts with an existing name. Please check if this is not expected.
  def vit_base_resnet26d_224(pretrained=False, **kwargs):
/media/SSD2/kavindya/Model/TFS-ViT_Token-level_Feature_Stylization/domainbed/visiontransformer.py:1087: UserWarning: Overwriting vit_base_resnet50d_224 in registry with domainbed.visiontransformer.vit_base_resnet50d_224. This is because the name being registered conflicts with an existing name. Please check if this is not expected.
  def vit_base_resnet50d_224(pretrained=False, **kwargs):
device: cuda:2
Current cuda device  0
DeiTBase Network
full_model_tuning_only
Eval transform
Eval transform
Eval transform
Eval transform
Eval transform
Eval transform
Eval transform
Eval transform
Eval transform
Eval transform
Eval transform
Eval transform
Eval transform
Eval transform
Eval transform
Loading dataset
0it [00:00, ?it/s]1it [00:00,  5.14it/s]2it [00:00,  4.08it/s]3it [00:00,  3.81it/s]4it [00:01,  3.63it/s]5it [00:01,  3.52it/s]6it [00:01,  3.26it/s]7it [00:02,  2.76it/s]8it [00:02,  2.75it/s]9it [00:02,  2.77it/s]10it [00:03,  2.91it/s]11it [00:03,  2.77it/s]12it [00:03,  2.76it/s]13it [00:04,  2.59it/s]14it [00:04,  2.65it/s]15it [00:05,  2.63it/s]15it [00:05,  2.91it/s]
env_blur_defocus_blur_5_acc 0.27064
env_blur_glass_blur_5_acc 0.19126
env_blur_motion_blur_5_acc 0.33516
env_blur_zoom_blur_5_acc 0.28678
env_digital_contrast_5_acc 0.37598
env_digital_elastic_transform_5_acc 0.34638
env_digital_jpeg_compression_5_acc 0.55096
env_digital_pixelate_5_acc 0.36712
env_noise_gaussian_noise_5_acc 0.5778
env_noise_impulse_noise_5_acc 0.58984
env_noise_shot_noise_5_acc 0.5494
env_weather_brightness_5_acc 0.71582
env_weather_fog_5_acc 0.51278
env_weather_frost_5_acc 0.54936
env_weather_snow_5_acc 0.48876
{'blur': [0.27064, 0.19126, 0.33516, 0.28678], 'digital': [0.37598, 0.34638, 0.55096, 0.36712], 'noise': [0.5778, 0.58984, 0.5494], 'weather': [0.71582, 0.51278, 0.54936, 0.48876]}
