/media/SSD2/kavindya/Model/TFS-ViT_Token-level_Feature_Stylization/domainbed/visiontransformer.py:962: UserWarning: Overwriting vit_small_patch16_224 in registry with domainbed.visiontransformer.vit_small_patch16_224. This is because the name being registered conflicts with an existing name. Please check if this is not expected.
  def vit_small_patch16_224(pretrained=False, **kwargs):
/media/SSD2/kavindya/Model/TFS-ViT_Token-level_Feature_Stylization/domainbed/visiontransformer.py:975: UserWarning: Overwriting vit_base_patch16_224 in registry with domainbed.visiontransformer.vit_base_patch16_224. This is because the name being registered conflicts with an existing name. Please check if this is not expected.
  def vit_base_patch16_224(pretrained=False, **kwargs):
/media/SSD2/kavindya/Model/TFS-ViT_Token-level_Feature_Stylization/domainbed/visiontransformer.py:987: UserWarning: Overwriting vit_base_patch16_384 in registry with domainbed.visiontransformer.vit_base_patch16_384. This is because the name being registered conflicts with an existing name. Please check if this is not expected.
  def vit_base_patch16_384(pretrained=False, **kwargs):
/media/SSD2/kavindya/Model/TFS-ViT_Token-level_Feature_Stylization/domainbed/visiontransformer.py:998: UserWarning: Overwriting vit_base_patch32_384 in registry with domainbed.visiontransformer.vit_base_patch32_384. This is because the name being registered conflicts with an existing name. Please check if this is not expected.
  def vit_base_patch32_384(pretrained=False, **kwargs):
/media/SSD2/kavindya/Model/TFS-ViT_Token-level_Feature_Stylization/domainbed/visiontransformer.py:1009: UserWarning: Overwriting vit_large_patch16_224 in registry with domainbed.visiontransformer.vit_large_patch16_224. This is because the name being registered conflicts with an existing name. Please check if this is not expected.
  def vit_large_patch16_224(pretrained=False, **kwargs):
/media/SSD2/kavindya/Model/TFS-ViT_Token-level_Feature_Stylization/domainbed/visiontransformer.py:1020: UserWarning: Overwriting vit_large_patch16_384 in registry with domainbed.visiontransformer.vit_large_patch16_384. This is because the name being registered conflicts with an existing name. Please check if this is not expected.
  def vit_large_patch16_384(pretrained=False, **kwargs):
/media/SSD2/kavindya/Model/TFS-ViT_Token-level_Feature_Stylization/domainbed/visiontransformer.py:1031: UserWarning: Overwriting vit_large_patch32_384 in registry with domainbed.visiontransformer.vit_large_patch32_384. This is because the name being registered conflicts with an existing name. Please check if this is not expected.
  def vit_large_patch32_384(pretrained=False, **kwargs):
/media/SSD2/kavindya/Model/TFS-ViT_Token-level_Feature_Stylization/domainbed/visiontransformer.py:1057: UserWarning: Overwriting vit_small_resnet26d_224 in registry with domainbed.visiontransformer.vit_small_resnet26d_224. This is because the name being registered conflicts with an existing name. Please check if this is not expected.
  def vit_small_resnet26d_224(pretrained=False, **kwargs):
/media/SSD2/kavindya/Model/TFS-ViT_Token-level_Feature_Stylization/domainbed/visiontransformer.py:1077: UserWarning: Overwriting vit_base_resnet26d_224 in registry with domainbed.visiontransformer.vit_base_resnet26d_224. This is because the name being registered conflicts with an existing name. Please check if this is not expected.
  def vit_base_resnet26d_224(pretrained=False, **kwargs):
/media/SSD2/kavindya/Model/TFS-ViT_Token-level_Feature_Stylization/domainbed/visiontransformer.py:1087: UserWarning: Overwriting vit_base_resnet50d_224 in registry with domainbed.visiontransformer.vit_base_resnet50d_224. This is because the name being registered conflicts with an existing name. Please check if this is not expected.
  def vit_base_resnet50d_224(pretrained=False, **kwargs):
Namespace(model_name='vit_base_patch16_224', ngpu=2)
Model Loaded

Using ImageNet data
Currently evaluating: noise_gaussian_noise
/media/SSD2/Dataset/Imagenet-C/corruption_severity/noise_gaussian_noise_5

=Average (array(0.22323999, dtype=float32),)
Distortion: noise_gaussian_noise  | CE (unnormalized) (%): 22.32
Currently evaluating: noise_shot_noise
/media/SSD2/Dataset/Imagenet-C/corruption_severity/noise_shot_noise_5

=Average (array(0.24883999, dtype=float32),)
Distortion: noise_shot_noise  | CE (unnormalized) (%): 24.88
Currently evaluating: noise_impulse_noise
/media/SSD2/Dataset/Imagenet-C/corruption_severity/noise_impulse_noise_5

=Average (array(0.23033999, dtype=float32),)
Distortion: noise_impulse_noise  | CE (unnormalized) (%): 23.03
Currently evaluating: blur_defocus_blur
/media/SSD2/Dataset/Imagenet-C/corruption_severity/blur_defocus_blur_5

=Average (array(0.33093998, dtype=float32),)
Distortion: blur_defocus_blur  | CE (unnormalized) (%): 33.09
Currently evaluating: blur_glass_blur
/media/SSD2/Dataset/Imagenet-C/corruption_severity/blur_glass_blur_5

=Average (array(0.30866, dtype=float32),)
Distortion: blur_glass_blur  | CE (unnormalized) (%): 30.87
Currently evaluating: blur_motion_blur
/media/SSD2/Dataset/Imagenet-C/corruption_severity/blur_motion_blur_5

=Average (array(0.4155, dtype=float32),)
Distortion: blur_motion_blur  | CE (unnormalized) (%): 41.55
Currently evaluating: blur_zoom_blur
/media/SSD2/Dataset/Imagenet-C/corruption_severity/blur_zoom_blur_5

=Average (array(0.37214, dtype=float32),)
Distortion: blur_zoom_blur   | CE (unnormalized) (%): 37.21
Currently evaluating: weather_snow
/media/SSD2/Dataset/Imagenet-C/corruption_severity/weather_snow_5

=Average (array(0.39066, dtype=float32),)
Distortion: weather_snow     | CE (unnormalized) (%): 39.07
Currently evaluating: weather_frost
/media/SSD2/Dataset/Imagenet-C/corruption_severity/weather_frost_5

=Average (array(0.42416, dtype=float32),)
Distortion: weather_frost    | CE (unnormalized) (%): 42.42
Currently evaluating: weather_fog
/media/SSD2/Dataset/Imagenet-C/corruption_severity/weather_fog_5

=Average (array(0.3706, dtype=float32),)
Distortion: weather_fog      | CE (unnormalized) (%): 37.06
Currently evaluating: weather_brightness
/media/SSD2/Dataset/Imagenet-C/corruption_severity/weather_brightness_5

=Average (array(0.68376, dtype=float32),)
Distortion: weather_brightness  | CE (unnormalized) (%): 68.38
Currently evaluating: digital_contrast
/media/SSD2/Dataset/Imagenet-C/corruption_severity/digital_contrast_5

=Average (array(0.11118, dtype=float32),)
Distortion: digital_contrast  | CE (unnormalized) (%): 11.12
Currently evaluating: digital_elastic_transform
/media/SSD2/Dataset/Imagenet-C/corruption_severity/digital_elastic_transform_5

=Average (array(0.48082, dtype=float32),)
Distortion: digital_elastic_transform  | CE (unnormalized) (%): 48.08
Currently evaluating: digital_pixelate
/media/SSD2/Dataset/Imagenet-C/corruption_severity/digital_pixelate_5

=Average (array(0.54684, dtype=float32),)
Distortion: digital_pixelate  | CE (unnormalized) (%): 54.68
Currently evaluating: digital_jpeg_compression
/media/SSD2/Dataset/Imagenet-C/corruption_severity/digital_jpeg_compression_5

=Average (array(0.57066, dtype=float32),)
Distortion: digital_jpeg_compression  | CE (unnormalized) (%): 57.07
