nohup: ignoring input
/media/SSD2/kavindya/Model/TFS-ViT_Token-level_Feature_Stylization/domainbed/visiontransformer.py:962: UserWarning: Overwriting vit_small_patch16_224 in registry with domainbed.visiontransformer.vit_small_patch16_224. This is because the name being registered conflicts with an existing name. Please check if this is not expected.
  def vit_small_patch16_224(pretrained=False, **kwargs):
/media/SSD2/kavindya/Model/TFS-ViT_Token-level_Feature_Stylization/domainbed/visiontransformer.py:975: UserWarning: Overwriting vit_base_patch16_224 in registry with domainbed.visiontransformer.vit_base_patch16_224. This is because the name being registered conflicts with an existing name. Please check if this is not expected.
  def vit_base_patch16_224(pretrained=False, **kwargs):
/media/SSD2/kavindya/Model/TFS-ViT_Token-level_Feature_Stylization/domainbed/visiontransformer.py:987: UserWarning: Overwriting vit_base_patch16_384 in registry with domainbed.visiontransformer.vit_base_patch16_384. This is because the name being registered conflicts with an existing name. Please check if this is not expected.
  def vit_base_patch16_384(pretrained=False, **kwargs):
/media/SSD2/kavindya/Model/TFS-ViT_Token-level_Feature_Stylization/domainbed/visiontransformer.py:998: UserWarning: Overwriting vit_base_patch32_384 in registry with domainbed.visiontransformer.vit_base_patch32_384. This is because the name being registered conflicts with an existing name. Please check if this is not expected.
  def vit_base_patch32_384(pretrained=False, **kwargs):
/media/SSD2/kavindya/Model/TFS-ViT_Token-level_Feature_Stylization/domainbed/visiontransformer.py:1009: UserWarning: Overwriting vit_large_patch16_224 in registry with domainbed.visiontransformer.vit_large_patch16_224. This is because the name being registered conflicts with an existing name. Please check if this is not expected.
  def vit_large_patch16_224(pretrained=False, **kwargs):
/media/SSD2/kavindya/Model/TFS-ViT_Token-level_Feature_Stylization/domainbed/visiontransformer.py:1020: UserWarning: Overwriting vit_large_patch16_384 in registry with domainbed.visiontransformer.vit_large_patch16_384. This is because the name being registered conflicts with an existing name. Please check if this is not expected.
  def vit_large_patch16_384(pretrained=False, **kwargs):
/media/SSD2/kavindya/Model/TFS-ViT_Token-level_Feature_Stylization/domainbed/visiontransformer.py:1031: UserWarning: Overwriting vit_large_patch32_384 in registry with domainbed.visiontransformer.vit_large_patch32_384. This is because the name being registered conflicts with an existing name. Please check if this is not expected.
  def vit_large_patch32_384(pretrained=False, **kwargs):
/media/SSD2/kavindya/Model/TFS-ViT_Token-level_Feature_Stylization/domainbed/visiontransformer.py:1057: UserWarning: Overwriting vit_small_resnet26d_224 in registry with domainbed.visiontransformer.vit_small_resnet26d_224. This is because the name being registered conflicts with an existing name. Please check if this is not expected.
  def vit_small_resnet26d_224(pretrained=False, **kwargs):
/media/SSD2/kavindya/Model/TFS-ViT_Token-level_Feature_Stylization/domainbed/visiontransformer.py:1077: UserWarning: Overwriting vit_base_resnet26d_224 in registry with domainbed.visiontransformer.vit_base_resnet26d_224. This is because the name being registered conflicts with an existing name. Please check if this is not expected.
  def vit_base_resnet26d_224(pretrained=False, **kwargs):
/media/SSD2/kavindya/Model/TFS-ViT_Token-level_Feature_Stylization/domainbed/visiontransformer.py:1087: UserWarning: Overwriting vit_base_resnet50d_224 in registry with domainbed.visiontransformer.vit_base_resnet50d_224. This is because the name being registered conflicts with an existing name. Please check if this is not expected.
  def vit_base_resnet50d_224(pretrained=False, **kwargs):
Incomplete: ./Results/ImageNet/Fullset/Small_Epoch_Clipped/RandConv_ViT/DeiTBase/t1_s2 ('ImageNet', 'RandConv_ViT', [1], 0)
1 jobs: 0 done, 1 incomplete, 0 not launched.
python -m domainbed.scripts.train --algorithm RandConv_ViT --data_dir /media/SSD2/Dataset --dataset ImageNet --holdout_fraction 0.2 --hparams '{"backbone":"DeiTBase","batch_size":64,"lr":5e-05 ,"resnet_dropout":0.0,"custom_train_val":true,"custom_train":0,"custom_val":1,"weight_decay":0.0,"fixed_featurizer":false}' --hparams_seed 0 --output_dir ./Results/ImageNet/Fullset/Small_Epoch_Clipped/RandConv_ViT/DeiTBase/t1_s2 --seed 6113218 --task domain_generalization --test_envs 1 --trial_seed 2
About to delete 1 jobs.
Good to go
Deleting...
Deleted 1 jobs!
/media/SSD2/kavindya/Model/TFS-ViT_Token-level_Feature_Stylization/domainbed/visiontransformer.py:962: UserWarning: Overwriting vit_small_patch16_224 in registry with domainbed.visiontransformer.vit_small_patch16_224. This is because the name being registered conflicts with an existing name. Please check if this is not expected.
  def vit_small_patch16_224(pretrained=False, **kwargs):
/media/SSD2/kavindya/Model/TFS-ViT_Token-level_Feature_Stylization/domainbed/visiontransformer.py:975: UserWarning: Overwriting vit_base_patch16_224 in registry with domainbed.visiontransformer.vit_base_patch16_224. This is because the name being registered conflicts with an existing name. Please check if this is not expected.
  def vit_base_patch16_224(pretrained=False, **kwargs):
/media/SSD2/kavindya/Model/TFS-ViT_Token-level_Feature_Stylization/domainbed/visiontransformer.py:987: UserWarning: Overwriting vit_base_patch16_384 in registry with domainbed.visiontransformer.vit_base_patch16_384. This is because the name being registered conflicts with an existing name. Please check if this is not expected.
  def vit_base_patch16_384(pretrained=False, **kwargs):
/media/SSD2/kavindya/Model/TFS-ViT_Token-level_Feature_Stylization/domainbed/visiontransformer.py:998: UserWarning: Overwriting vit_base_patch32_384 in registry with domainbed.visiontransformer.vit_base_patch32_384. This is because the name being registered conflicts with an existing name. Please check if this is not expected.
  def vit_base_patch32_384(pretrained=False, **kwargs):
/media/SSD2/kavindya/Model/TFS-ViT_Token-level_Feature_Stylization/domainbed/visiontransformer.py:1009: UserWarning: Overwriting vit_large_patch16_224 in registry with domainbed.visiontransformer.vit_large_patch16_224. This is because the name being registered conflicts with an existing name. Please check if this is not expected.
  def vit_large_patch16_224(pretrained=False, **kwargs):
/media/SSD2/kavindya/Model/TFS-ViT_Token-level_Feature_Stylization/domainbed/visiontransformer.py:1020: UserWarning: Overwriting vit_large_patch16_384 in registry with domainbed.visiontransformer.vit_large_patch16_384. This is because the name being registered conflicts with an existing name. Please check if this is not expected.
  def vit_large_patch16_384(pretrained=False, **kwargs):
/media/SSD2/kavindya/Model/TFS-ViT_Token-level_Feature_Stylization/domainbed/visiontransformer.py:1031: UserWarning: Overwriting vit_large_patch32_384 in registry with domainbed.visiontransformer.vit_large_patch32_384. This is because the name being registered conflicts with an existing name. Please check if this is not expected.
  def vit_large_patch32_384(pretrained=False, **kwargs):
/media/SSD2/kavindya/Model/TFS-ViT_Token-level_Feature_Stylization/domainbed/visiontransformer.py:1057: UserWarning: Overwriting vit_small_resnet26d_224 in registry with domainbed.visiontransformer.vit_small_resnet26d_224. This is because the name being registered conflicts with an existing name. Please check if this is not expected.
  def vit_small_resnet26d_224(pretrained=False, **kwargs):
/media/SSD2/kavindya/Model/TFS-ViT_Token-level_Feature_Stylization/domainbed/visiontransformer.py:1077: UserWarning: Overwriting vit_base_resnet26d_224 in registry with domainbed.visiontransformer.vit_base_resnet26d_224. This is because the name being registered conflicts with an existing name. Please check if this is not expected.
  def vit_base_resnet26d_224(pretrained=False, **kwargs):
/media/SSD2/kavindya/Model/TFS-ViT_Token-level_Feature_Stylization/domainbed/visiontransformer.py:1087: UserWarning: Overwriting vit_base_resnet50d_224 in registry with domainbed.visiontransformer.vit_base_resnet50d_224. This is because the name being registered conflicts with an existing name. Please check if this is not expected.
  def vit_base_resnet50d_224(pretrained=False, **kwargs):
Not launched: ./Results/ImageNet/Fullset/Small_Epoch_Clipped/RandConv_ViT/DeiTBase/t1_s2 ('ImageNet', 'RandConv_ViT', [1], 0)
1 jobs: 0 done, 0 incomplete, 1 not launched.
python -m domainbed.scripts.train --algorithm RandConv_ViT --data_dir /media/SSD2/Dataset --dataset ImageNet --holdout_fraction 0.2 --hparams '{"backbone":"DeiTBase","batch_size":64,"lr":5e-05 ,"resnet_dropout":0.0,"custom_train_val":true,"custom_train":0,"custom_val":1,"weight_decay":0.0,"fixed_featurizer":false}' --hparams_seed 0 --output_dir ./Results/ImageNet/Fullset/Small_Epoch_Clipped/RandConv_ViT/DeiTBase/t1_s2 --seed 6113218 --task domain_generalization --test_envs 1 --trial_seed 2
About to launch 1 jobs.
Good to go
Launching...
Making job directories:
  0%|          | 0/1 [00:00<?, ?it/s]                                     WARNING: using experimental multi_gpu_launcher.
CUDA_VISIBLE_DEVICES:  1
Environment:
	Python: 3.8.8
	PyTorch: 2.0.1+cu117
	Torchvision: 0.15.2+cu117
	CUDA: 11.7
	CUDNN: 8500
	NumPy: 1.20.1
	PIL: 8.2.0
Args:
	algorithm: RandConv_ViT
	checkpoint_freq: None
	data_dir: /media/SSD2/Dataset
	dataset: ImageNet
	holdout_fraction: 0.2
	hparams: {"backbone":"DeiTBase","batch_size":64,"lr":5e-05 ,"resnet_dropout":0.0,"custom_train_val":true,"custom_train":0,"custom_val":1,"weight_decay":0.0,"fixed_featurizer":false}
	hparams_seed: 0
	output_dir: ./Results/ImageNet/Fullset/Small_Epoch_Clipped/RandConv_ViT/DeiTBase/t1_s2
	save_best_model: True
	save_model_every_checkpoint: False
	seed: 6113218
	skip_model_save: False
	steps: None
	task: domain_generalization
	test_envs: [1]
	trial_seed: 2
	uda_holdout_fraction: 0
HParams:
	alpha_max: 1.0
	alpha_min: 0.0
	backbone: DeiTBase
	batch_size: 64
	class_balanced: False
	consistency_loss_w: 10.0
	custom_train: 0
	custom_train_val: True
	custom_val: 1
	data_augmentation: False
	digits: True
	empty_fc: False
	empty_head: False
	eval: False
	fixed_featurizer: False
	identity_prob: 0.0
	invariant_loss: True
	lr: 5e-05
	mixing: True
	nonlinear_classifier: False
	randomize_kernel: True
	resnet18: False
	resnet_dropout: 0.0
	test_env: [1]
	weight_decay: 0.0
	weight_decay_d: 0.0
device: cuda
Current cuda device  0
[INFO] NOT Doing Data Augmentation
[INFO] NOT Doing Data Augmentation
50000  length of val  1281167  length of train
env  0  :  train  in  1281167
env  1  :  valid  out  50000
DeiTBase Network
full_model_tuning_only
+ checkpoint_freq: 1000
Best model upto now
env1_out_acc  env1_out_los  epoch         loss          mem_gb        step          step_time     train_acc    
0.6250400000  2.2780591356  0.0000000000  3.3715977669  21.823115348  0             3.1451978683  0.7187500000 
Best model upto now
0.7125400000  1.1850317828  0.0499544556  1.4561319791  22.641609668  1000          2.1084546771  0.8173593750 
Best model upto now
0.7204400000  1.1311893885  0.0999089112  1.2441730012  22.641609668  2000          2.1053705754  0.8265312500 
Best model upto now
0.7257600000  1.1134896256  0.1498633668  1.1865283875  22.642029285  3000          2.1105814421  0.8278125000 
0.7232000000  1.1299620048  0.1998178223  1.1570474674  22.642029285  4000          2.1073461738  0.8317812500 
0.7255800000  1.1001804274  0.2497722779  1.0909557445  22.642029285  5000          2.1065853200  0.8372187500 
Best model upto now
0.7295800000  1.0810715686  0.2997267335  1.0940390162  22.642029285  6000          2.1077034075  0.8380468750 
0.7288000000  1.0837928962  0.3496811891  1.0546807099  22.642029285  7000          2.1068334954  0.8409062500 
0.7260000000  1.0879116929  0.3996356447  1.0402848476  22.642029285  8000          2.1088127141  0.8438906250 
0.7293800000  1.0805469876  0.4495901003  1.0094985904  22.642029285  9000          2.1084831824  0.8473437500 
Best model upto now
0.7335400000  1.0672569215  0.4995445559  0.9866230992  22.642029285  10000         2.1083461511  0.8520625000 
0.7266400000  1.0876888387  0.5494990114  0.9896037156  22.642517566  11000         2.1083584468  0.8512187500 
0.7302600000  1.0777902771  0.5994534670  0.9930095446  22.642517566  12000         2.1081482131  0.8485156250 
Best model upto now
0.7343800000  1.0520680245  0.6494079226  0.9685383513  22.642517566  13000         2.1083245473  0.8533437500 
0.7321200000  1.0622494167  0.6993623782  0.9651538525  22.642517566  14000         2.1086768062  0.8544375000 
0.7331200000  1.0601821351  0.7493168338  0.9530688108  22.642517566  15000         2.1083270462  0.8509687500 
0.7320600000  1.0695153203  0.7992712894  0.9496121685  22.642517566  16000         2.1086144319  0.8544843750 
Best model upto now
0.7365000000  1.0482030317  0.8492257450  0.9224280205  22.642517566  17000         2.1098672912  0.8595781250 
0.7350600000  1.0527468194  0.8991802006  0.9187114978  22.642517566  18000         2.1102663777  0.8608750000 
0.7329400000  1.0626995682  0.9491346561  0.9212145444  22.642517566  19000         2.1125803406  0.8596718750 
0.7330000000  1.0566029014  0.9990891117  0.9206456462  22.642517566  20000         2.1130798130  0.8577968750 
0.7297400000  1.0660704015  0.9999882919  1.0379841626  22.642517566  20018         2.1169336504  0.8446180556 
/media/SSD2/kavindya/Model/TFS-ViT_Token-level_Feature_Stylization/domainbed/visiontransformer.py:962: UserWarning: Overwriting vit_small_patch16_224 in registry with domainbed.visiontransformer.vit_small_patch16_224. This is because the name being registered conflicts with an existing name. Please check if this is not expected.
  def vit_small_patch16_224(pretrained=False, **kwargs):
/media/SSD2/kavindya/Model/TFS-ViT_Token-level_Feature_Stylization/domainbed/visiontransformer.py:975: UserWarning: Overwriting vit_base_patch16_224 in registry with domainbed.visiontransformer.vit_base_patch16_224. This is because the name being registered conflicts with an existing name. Please check if this is not expected.
  def vit_base_patch16_224(pretrained=False, **kwargs):
/media/SSD2/kavindya/Model/TFS-ViT_Token-level_Feature_Stylization/domainbed/visiontransformer.py:987: UserWarning: Overwriting vit_base_patch16_384 in registry with domainbed.visiontransformer.vit_base_patch16_384. This is because the name being registered conflicts with an existing name. Please check if this is not expected.
  def vit_base_patch16_384(pretrained=False, **kwargs):
/media/SSD2/kavindya/Model/TFS-ViT_Token-level_Feature_Stylization/domainbed/visiontransformer.py:998: UserWarning: Overwriting vit_base_patch32_384 in registry with domainbed.visiontransformer.vit_base_patch32_384. This is because the name being registered conflicts with an existing name. Please check if this is not expected.
  def vit_base_patch32_384(pretrained=False, **kwargs):
/media/SSD2/kavindya/Model/TFS-ViT_Token-level_Feature_Stylization/domainbed/visiontransformer.py:1009: UserWarning: Overwriting vit_large_patch16_224 in registry with domainbed.visiontransformer.vit_large_patch16_224. This is because the name being registered conflicts with an existing name. Please check if this is not expected.
  def vit_large_patch16_224(pretrained=False, **kwargs):
/media/SSD2/kavindya/Model/TFS-ViT_Token-level_Feature_Stylization/domainbed/visiontransformer.py:1020: UserWarning: Overwriting vit_large_patch16_384 in registry with domainbed.visiontransformer.vit_large_patch16_384. This is because the name being registered conflicts with an existing name. Please check if this is not expected.
  def vit_large_patch16_384(pretrained=False, **kwargs):
/media/SSD2/kavindya/Model/TFS-ViT_Token-level_Feature_Stylization/domainbed/visiontransformer.py:1031: UserWarning: Overwriting vit_large_patch32_384 in registry with domainbed.visiontransformer.vit_large_patch32_384. This is because the name being registered conflicts with an existing name. Please check if this is not expected.
  def vit_large_patch32_384(pretrained=False, **kwargs):
/media/SSD2/kavindya/Model/TFS-ViT_Token-level_Feature_Stylization/domainbed/visiontransformer.py:1057: UserWarning: Overwriting vit_small_resnet26d_224 in registry with domainbed.visiontransformer.vit_small_resnet26d_224. This is because the name being registered conflicts with an existing name. Please check if this is not expected.
  def vit_small_resnet26d_224(pretrained=False, **kwargs):
/media/SSD2/kavindya/Model/TFS-ViT_Token-level_Feature_Stylization/domainbed/visiontransformer.py:1077: UserWarning: Overwriting vit_base_resnet26d_224 in registry with domainbed.visiontransformer.vit_base_resnet26d_224. This is because the name being registered conflicts with an existing name. Please check if this is not expected.
  def vit_base_resnet26d_224(pretrained=False, **kwargs):
/media/SSD2/kavindya/Model/TFS-ViT_Token-level_Feature_Stylization/domainbed/visiontransformer.py:1087: UserWarning: Overwriting vit_base_resnet50d_224 in registry with domainbed.visiontransformer.vit_base_resnet50d_224. This is because the name being registered conflicts with an existing name. Please check if this is not expected.
  def vit_base_resnet50d_224(pretrained=False, **kwargs):
Launched 1 jobs!
