nohup: ignoring input
/media/SSD2/kavindya/Model/TFS-ViT_Token-level_Feature_Stylization/domainbed/visiontransformer.py:962: UserWarning: Overwriting vit_small_patch16_224 in registry with domainbed.visiontransformer.vit_small_patch16_224. This is because the name being registered conflicts with an existing name. Please check if this is not expected.
  def vit_small_patch16_224(pretrained=False, **kwargs):
/media/SSD2/kavindya/Model/TFS-ViT_Token-level_Feature_Stylization/domainbed/visiontransformer.py:975: UserWarning: Overwriting vit_base_patch16_224 in registry with domainbed.visiontransformer.vit_base_patch16_224. This is because the name being registered conflicts with an existing name. Please check if this is not expected.
  def vit_base_patch16_224(pretrained=False, **kwargs):
/media/SSD2/kavindya/Model/TFS-ViT_Token-level_Feature_Stylization/domainbed/visiontransformer.py:987: UserWarning: Overwriting vit_base_patch16_384 in registry with domainbed.visiontransformer.vit_base_patch16_384. This is because the name being registered conflicts with an existing name. Please check if this is not expected.
  def vit_base_patch16_384(pretrained=False, **kwargs):
/media/SSD2/kavindya/Model/TFS-ViT_Token-level_Feature_Stylization/domainbed/visiontransformer.py:998: UserWarning: Overwriting vit_base_patch32_384 in registry with domainbed.visiontransformer.vit_base_patch32_384. This is because the name being registered conflicts with an existing name. Please check if this is not expected.
  def vit_base_patch32_384(pretrained=False, **kwargs):
/media/SSD2/kavindya/Model/TFS-ViT_Token-level_Feature_Stylization/domainbed/visiontransformer.py:1009: UserWarning: Overwriting vit_large_patch16_224 in registry with domainbed.visiontransformer.vit_large_patch16_224. This is because the name being registered conflicts with an existing name. Please check if this is not expected.
  def vit_large_patch16_224(pretrained=False, **kwargs):
/media/SSD2/kavindya/Model/TFS-ViT_Token-level_Feature_Stylization/domainbed/visiontransformer.py:1020: UserWarning: Overwriting vit_large_patch16_384 in registry with domainbed.visiontransformer.vit_large_patch16_384. This is because the name being registered conflicts with an existing name. Please check if this is not expected.
  def vit_large_patch16_384(pretrained=False, **kwargs):
/media/SSD2/kavindya/Model/TFS-ViT_Token-level_Feature_Stylization/domainbed/visiontransformer.py:1031: UserWarning: Overwriting vit_large_patch32_384 in registry with domainbed.visiontransformer.vit_large_patch32_384. This is because the name being registered conflicts with an existing name. Please check if this is not expected.
  def vit_large_patch32_384(pretrained=False, **kwargs):
/media/SSD2/kavindya/Model/TFS-ViT_Token-level_Feature_Stylization/domainbed/visiontransformer.py:1057: UserWarning: Overwriting vit_small_resnet26d_224 in registry with domainbed.visiontransformer.vit_small_resnet26d_224. This is because the name being registered conflicts with an existing name. Please check if this is not expected.
  def vit_small_resnet26d_224(pretrained=False, **kwargs):
/media/SSD2/kavindya/Model/TFS-ViT_Token-level_Feature_Stylization/domainbed/visiontransformer.py:1077: UserWarning: Overwriting vit_base_resnet26d_224 in registry with domainbed.visiontransformer.vit_base_resnet26d_224. This is because the name being registered conflicts with an existing name. Please check if this is not expected.
  def vit_base_resnet26d_224(pretrained=False, **kwargs):
/media/SSD2/kavindya/Model/TFS-ViT_Token-level_Feature_Stylization/domainbed/visiontransformer.py:1087: UserWarning: Overwriting vit_base_resnet50d_224 in registry with domainbed.visiontransformer.vit_base_resnet50d_224. This is because the name being registered conflicts with an existing name. Please check if this is not expected.
  def vit_base_resnet50d_224(pretrained=False, **kwargs):
Incomplete: ./Results/ImageNet/Fullset/Fixed_Feature_Clipped_No_Invariant/RandConv/t1_s2 ('ImageNet', 'RandConv_CNN', [1], 0)
1 jobs: 0 done, 1 incomplete, 0 not launched.
python -m domainbed.scripts.train --algorithm RandConv_CNN --data_dir /media/SSD2/Dataset --dataset ImageNet --holdout_fraction 0.2 --hparams '{"batch_size":64,"lr":0.0001,"identity_prob":0.5,"resnet_dropout":0.0,"invariant_loss":false,"consistency_loss_w":0.0,"alpha_min":0.0,"alpha_max":1.0,"weight_decay":0.0,"custom_train_val":true,"custom_train":0,"custom_val":1,"resnet18":false,"empty_fc":true,"fixed_featurizer":true}' --hparams_seed 0 --output_dir ./Results/ImageNet/Fullset/Fixed_Feature_Clipped_No_Invariant/RandConv/t1_s2 --seed 1637210862 --task domain_generalization --test_envs 1 --trial_seed 2
About to delete 1 jobs.
Good to go
Deleting...
Deleted 1 jobs!
/media/SSD2/kavindya/Model/TFS-ViT_Token-level_Feature_Stylization/domainbed/visiontransformer.py:962: UserWarning: Overwriting vit_small_patch16_224 in registry with domainbed.visiontransformer.vit_small_patch16_224. This is because the name being registered conflicts with an existing name. Please check if this is not expected.
  def vit_small_patch16_224(pretrained=False, **kwargs):
/media/SSD2/kavindya/Model/TFS-ViT_Token-level_Feature_Stylization/domainbed/visiontransformer.py:975: UserWarning: Overwriting vit_base_patch16_224 in registry with domainbed.visiontransformer.vit_base_patch16_224. This is because the name being registered conflicts with an existing name. Please check if this is not expected.
  def vit_base_patch16_224(pretrained=False, **kwargs):
/media/SSD2/kavindya/Model/TFS-ViT_Token-level_Feature_Stylization/domainbed/visiontransformer.py:987: UserWarning: Overwriting vit_base_patch16_384 in registry with domainbed.visiontransformer.vit_base_patch16_384. This is because the name being registered conflicts with an existing name. Please check if this is not expected.
  def vit_base_patch16_384(pretrained=False, **kwargs):
/media/SSD2/kavindya/Model/TFS-ViT_Token-level_Feature_Stylization/domainbed/visiontransformer.py:998: UserWarning: Overwriting vit_base_patch32_384 in registry with domainbed.visiontransformer.vit_base_patch32_384. This is because the name being registered conflicts with an existing name. Please check if this is not expected.
  def vit_base_patch32_384(pretrained=False, **kwargs):
/media/SSD2/kavindya/Model/TFS-ViT_Token-level_Feature_Stylization/domainbed/visiontransformer.py:1009: UserWarning: Overwriting vit_large_patch16_224 in registry with domainbed.visiontransformer.vit_large_patch16_224. This is because the name being registered conflicts with an existing name. Please check if this is not expected.
  def vit_large_patch16_224(pretrained=False, **kwargs):
/media/SSD2/kavindya/Model/TFS-ViT_Token-level_Feature_Stylization/domainbed/visiontransformer.py:1020: UserWarning: Overwriting vit_large_patch16_384 in registry with domainbed.visiontransformer.vit_large_patch16_384. This is because the name being registered conflicts with an existing name. Please check if this is not expected.
  def vit_large_patch16_384(pretrained=False, **kwargs):
/media/SSD2/kavindya/Model/TFS-ViT_Token-level_Feature_Stylization/domainbed/visiontransformer.py:1031: UserWarning: Overwriting vit_large_patch32_384 in registry with domainbed.visiontransformer.vit_large_patch32_384. This is because the name being registered conflicts with an existing name. Please check if this is not expected.
  def vit_large_patch32_384(pretrained=False, **kwargs):
/media/SSD2/kavindya/Model/TFS-ViT_Token-level_Feature_Stylization/domainbed/visiontransformer.py:1057: UserWarning: Overwriting vit_small_resnet26d_224 in registry with domainbed.visiontransformer.vit_small_resnet26d_224. This is because the name being registered conflicts with an existing name. Please check if this is not expected.
  def vit_small_resnet26d_224(pretrained=False, **kwargs):
/media/SSD2/kavindya/Model/TFS-ViT_Token-level_Feature_Stylization/domainbed/visiontransformer.py:1077: UserWarning: Overwriting vit_base_resnet26d_224 in registry with domainbed.visiontransformer.vit_base_resnet26d_224. This is because the name being registered conflicts with an existing name. Please check if this is not expected.
  def vit_base_resnet26d_224(pretrained=False, **kwargs):
/media/SSD2/kavindya/Model/TFS-ViT_Token-level_Feature_Stylization/domainbed/visiontransformer.py:1087: UserWarning: Overwriting vit_base_resnet50d_224 in registry with domainbed.visiontransformer.vit_base_resnet50d_224. This is because the name being registered conflicts with an existing name. Please check if this is not expected.
  def vit_base_resnet50d_224(pretrained=False, **kwargs):
Not launched: ./Results/ImageNet/Fullset/Fixed_Feature_Clipped_No_Invariant/RandConv/t1_s2 ('ImageNet', 'RandConv_CNN', [1], 0)
1 jobs: 0 done, 0 incomplete, 1 not launched.
python -m domainbed.scripts.train --algorithm RandConv_CNN --data_dir /media/SSD2/Dataset --dataset ImageNet --holdout_fraction 0.2 --hparams '{"batch_size":64,"lr":0.0001,"identity_prob":0.5,"resnet_dropout":0.0,"invariant_loss":false,"consistency_loss_w":0.0,"alpha_min":0.0,"alpha_max":1.0,"weight_decay":0.0,"custom_train_val":true,"custom_train":0,"custom_val":1,"resnet18":false,"empty_fc":true,"fixed_featurizer":true}' --hparams_seed 0 --output_dir ./Results/ImageNet/Fullset/Fixed_Feature_Clipped_No_Invariant/RandConv/t1_s2 --seed 1637210862 --task domain_generalization --test_envs 1 --trial_seed 2
About to launch 1 jobs.
Good to go
Launching...
Making job directories:
  0%|          | 0/1 [00:00<?, ?it/s]                                     WARNING: using experimental multi_gpu_launcher.
CUDA_VISIBLE_DEVICES:  0
Environment:
	Python: 3.8.8
	PyTorch: 2.0.1+cu117
	Torchvision: 0.15.2+cu117
	CUDA: 11.7
	CUDNN: 8500
	NumPy: 1.20.1
	PIL: 8.2.0
Args:
	algorithm: RandConv_CNN
	checkpoint_freq: None
	data_dir: /media/SSD2/Dataset
	dataset: ImageNet
	holdout_fraction: 0.2
	hparams: {"batch_size":64,"lr":0.0001,"identity_prob":0.5,"resnet_dropout":0.0,"invariant_loss":false,"consistency_loss_w":0.0,"alpha_min":0.0,"alpha_max":1.0,"weight_decay":0.0,"custom_train_val":true,"custom_train":0,"custom_val":1,"resnet18":false,"empty_fc":true,"fixed_featurizer":true}
	hparams_seed: 0
	output_dir: ./Results/ImageNet/Fullset/Fixed_Feature_Clipped_No_Invariant/RandConv/t1_s2
	save_best_model: True
	save_model_every_checkpoint: False
	seed: 1637210862
	skip_model_save: False
	steps: None
	task: domain_generalization
	test_envs: [1]
	trial_seed: 2
	uda_holdout_fraction: 0
HParams:
	alpha_max: 1.0
	alpha_min: 0.0
	backbone: DeitSmall
	batch_size: 64
	class_balanced: False
	consistency_loss_w: 0.0
	custom_train: 0
	custom_train_val: True
	custom_val: 1
	data_augmentation: False
	digits: True
	empty_fc: True
	empty_head: False
	eval: False
	fixed_featurizer: True
	identity_prob: 0.5
	invariant_loss: False
	lr: 0.0001
	mixing: True
	nonlinear_classifier: False
	randomize_kernel: True
	resnet18: False
	resnet_dropout: 0.0
	test_env: [1]
	weight_decay: 0.0
	weight_decay_d: 0.0
device: cuda
Current cuda device  0
[INFO] NOT Doing Data Augmentation
[INFO] NOT Doing Data Augmentation
50000  length of val  1281167  length of train
env  0  :  train  in  1281167
env  1  :  valid  out  50000
/home/kavindya/anaconda3/envs/ViT_DGbed_2/lib/python3.8/site-packages/torchvision/models/_utils.py:208: UserWarning: The parameter 'pretrained' is deprecated since 0.13 and may be removed in the future, please use 'weights' instead.
  warnings.warn(
/home/kavindya/anaconda3/envs/ViT_DGbed_2/lib/python3.8/site-packages/torchvision/models/_utils.py:223: UserWarning: Arguments other than a weight enum or `None` for 'weights' are deprecated since 0.13 and may be removed in the future. The current behavior is equivalent to passing `weights=ResNet50_Weights.IMAGENET1K_V1`. You can also use `weights=ResNet50_Weights.DEFAULT` to get the most up-to-date weights.
  warnings.warn(msg)
moving to the classifier
fine_tuning_only
1  lengthe of train loader ++++++++++++++++
+ checkpoint_freq: 5000
Best model upto now
env1_out_acc  env1_out_los  epoch         inv_loss      loss          mem_gb        step          step_time     task_loss     train_acc    
0.0005400000  6.9804875296  0.0000000000  0.0000000000  6.9903545380  1.5578551292  0             1.3205854893  6.9903545380  0.0000000000 
Best model upto now
0.5229800000  2.3295366843  0.2497722779  0.0000000000  3.2162394099  5.4230237007  5000          0.1320651032  3.2162394099  0.4779781250 
Best model upto now
0.5477800000  2.0642388779  0.4995445559  0.0000000000  1.9279649806  5.4240612984  10000         0.1315618306  1.9279649806  0.5915687500 
Best model upto now
0.5598200000  1.9733025397  0.7493168338  0.0000000000  1.7737466561  5.4240612984  15000         0.1327486175  1.7737466561  0.6070843750 
0.5588600000  1.9924256556  0.9990891117  0.0000000000  1.7111131892  5.4243049622  20000         0.1336524668  1.7111131892  0.6171906250 
Best model upto now
0.5700000000  1.9283999875  1.2488613897  0.0000000000  1.6700590631  5.4243054390  25000         0.1338173390  1.6700590631  0.6216531250 
0.5581800000  1.9894281949  1.4986336676  0.0000000000  1.6011477213  5.4243054390  30000         0.1322975599  1.6011477213  0.6336312500 
Best model upto now
0.5843400000  1.8556437412  1.7484059455  0.0000000000  1.6051900164  5.4243054390  35000         0.1333852222  1.6051900164  0.6319906250 
Best model upto now
0.5881000000  1.8260745115  1.9981782234  0.0000000000  1.5760395113  5.4243054390  40000         0.1328000368  1.5760395113  0.6358562500 
0.5583400000  2.0145339601  2.2479505014  0.0000000000  1.5685379205  5.4243054390  45000         0.1327475348  1.5685379205  0.6392812500 
0.5723200000  1.9239527377  2.4977227793  0.0000000000  1.5765511240  5.4243054390  50000         0.1334830244  1.5765511240  0.6374656250 
0.5718400000  1.9498527815  2.7474950572  0.0000000000  1.5481337248  5.4243054390  55000         0.1333791432  1.5481337248  0.6432031250 
0.5743200000  1.9293741402  2.9972673352  0.0000000000  1.5593416012  5.4243054390  60000         0.1343233226  1.5593416012  0.6397125000 
0.5703200000  1.9569862002  3.2470396131  0.0000000000  1.5032911720  5.4243054390  65000         0.1320211986  1.5032911720  0.6506281250 
0.5528200000  2.0594457399  3.4968118910  0.0000000000  1.5041837359  5.4243054390  70000         0.1317715840  1.5041837359  0.6529250000 
0.5832200000  1.8861093568  3.7465841690  0.0000000000  1.4987766513  5.4243054390  75000         0.1326320404  1.4987766513  0.6518687500 
0.5741400000  1.9418246681  3.9963564469  0.0000000000  1.5219921861  5.4243054390  80000         0.1335708176  1.5219921861  0.6480593750 
0.5864200000  1.8704639272  4.2461287248  0.0000000000  1.5412591076  5.4243054390  85000         0.1344256471  1.5412591076  0.6444750000 
0.5701200000  1.9624992382  4.4959010028  0.0000000000  1.5070413603  5.4243054390  90000         0.1316271873  1.5070413603  0.6509125000 
Terminated
Launched 1 jobs!
