nohup: ignoring input
/media/SSD2/kavindya/Model/TFS-ViT_Token-level_Feature_Stylization/domainbed/visiontransformer.py:962: UserWarning: Overwriting vit_small_patch16_224 in registry with domainbed.visiontransformer.vit_small_patch16_224. This is because the name being registered conflicts with an existing name. Please check if this is not expected.
  def vit_small_patch16_224(pretrained=False, **kwargs):
/media/SSD2/kavindya/Model/TFS-ViT_Token-level_Feature_Stylization/domainbed/visiontransformer.py:975: UserWarning: Overwriting vit_base_patch16_224 in registry with domainbed.visiontransformer.vit_base_patch16_224. This is because the name being registered conflicts with an existing name. Please check if this is not expected.
  def vit_base_patch16_224(pretrained=False, **kwargs):
/media/SSD2/kavindya/Model/TFS-ViT_Token-level_Feature_Stylization/domainbed/visiontransformer.py:987: UserWarning: Overwriting vit_base_patch16_384 in registry with domainbed.visiontransformer.vit_base_patch16_384. This is because the name being registered conflicts with an existing name. Please check if this is not expected.
  def vit_base_patch16_384(pretrained=False, **kwargs):
/media/SSD2/kavindya/Model/TFS-ViT_Token-level_Feature_Stylization/domainbed/visiontransformer.py:998: UserWarning: Overwriting vit_base_patch32_384 in registry with domainbed.visiontransformer.vit_base_patch32_384. This is because the name being registered conflicts with an existing name. Please check if this is not expected.
  def vit_base_patch32_384(pretrained=False, **kwargs):
/media/SSD2/kavindya/Model/TFS-ViT_Token-level_Feature_Stylization/domainbed/visiontransformer.py:1009: UserWarning: Overwriting vit_large_patch16_224 in registry with domainbed.visiontransformer.vit_large_patch16_224. This is because the name being registered conflicts with an existing name. Please check if this is not expected.
  def vit_large_patch16_224(pretrained=False, **kwargs):
/media/SSD2/kavindya/Model/TFS-ViT_Token-level_Feature_Stylization/domainbed/visiontransformer.py:1020: UserWarning: Overwriting vit_large_patch16_384 in registry with domainbed.visiontransformer.vit_large_patch16_384. This is because the name being registered conflicts with an existing name. Please check if this is not expected.
  def vit_large_patch16_384(pretrained=False, **kwargs):
/media/SSD2/kavindya/Model/TFS-ViT_Token-level_Feature_Stylization/domainbed/visiontransformer.py:1031: UserWarning: Overwriting vit_large_patch32_384 in registry with domainbed.visiontransformer.vit_large_patch32_384. This is because the name being registered conflicts with an existing name. Please check if this is not expected.
  def vit_large_patch32_384(pretrained=False, **kwargs):
/media/SSD2/kavindya/Model/TFS-ViT_Token-level_Feature_Stylization/domainbed/visiontransformer.py:1057: UserWarning: Overwriting vit_small_resnet26d_224 in registry with domainbed.visiontransformer.vit_small_resnet26d_224. This is because the name being registered conflicts with an existing name. Please check if this is not expected.
  def vit_small_resnet26d_224(pretrained=False, **kwargs):
/media/SSD2/kavindya/Model/TFS-ViT_Token-level_Feature_Stylization/domainbed/visiontransformer.py:1077: UserWarning: Overwriting vit_base_resnet26d_224 in registry with domainbed.visiontransformer.vit_base_resnet26d_224. This is because the name being registered conflicts with an existing name. Please check if this is not expected.
  def vit_base_resnet26d_224(pretrained=False, **kwargs):
/media/SSD2/kavindya/Model/TFS-ViT_Token-level_Feature_Stylization/domainbed/visiontransformer.py:1087: UserWarning: Overwriting vit_base_resnet50d_224 in registry with domainbed.visiontransformer.vit_base_resnet50d_224. This is because the name being registered conflicts with an existing name. Please check if this is not expected.
  def vit_base_resnet50d_224(pretrained=False, **kwargs):
Not launched: ./Results/ImageNet/Fullset/Small_Epoch_Clipped_Alpha/RandConv_ViT/DeiTBase/t1_s2 ('ImageNet', 'RandConv_ViT', [1], 0)
1 jobs: 0 done, 0 incomplete, 1 not launched.
python -m domainbed.scripts.train --algorithm RandConv_ViT --data_dir /media/SSD2/Dataset --dataset ImageNet --holdout_fraction 0.2 --hparams '{"backbone":"DeiTBase","batch_size":64,"lr":5e-05 ,"resnet_dropout":0.0,"alpha_min":0.5,"alpha_max":1.0,"custom_train_val":true,"custom_train":0,"custom_val":1,"weight_decay":0.0,"fixed_featurizer":false}' --hparams_seed 0 --output_dir ./Results/ImageNet/Fullset/Small_Epoch_Clipped_Alpha/RandConv_ViT/DeiTBase/t1_s2 --seed 6113218 --task domain_generalization --test_envs 1 --trial_seed 2
About to delete 0 jobs.
Good to go
Deleting...
Deleted 0 jobs!
/media/SSD2/kavindya/Model/TFS-ViT_Token-level_Feature_Stylization/domainbed/visiontransformer.py:962: UserWarning: Overwriting vit_small_patch16_224 in registry with domainbed.visiontransformer.vit_small_patch16_224. This is because the name being registered conflicts with an existing name. Please check if this is not expected.
  def vit_small_patch16_224(pretrained=False, **kwargs):
/media/SSD2/kavindya/Model/TFS-ViT_Token-level_Feature_Stylization/domainbed/visiontransformer.py:975: UserWarning: Overwriting vit_base_patch16_224 in registry with domainbed.visiontransformer.vit_base_patch16_224. This is because the name being registered conflicts with an existing name. Please check if this is not expected.
  def vit_base_patch16_224(pretrained=False, **kwargs):
/media/SSD2/kavindya/Model/TFS-ViT_Token-level_Feature_Stylization/domainbed/visiontransformer.py:987: UserWarning: Overwriting vit_base_patch16_384 in registry with domainbed.visiontransformer.vit_base_patch16_384. This is because the name being registered conflicts with an existing name. Please check if this is not expected.
  def vit_base_patch16_384(pretrained=False, **kwargs):
/media/SSD2/kavindya/Model/TFS-ViT_Token-level_Feature_Stylization/domainbed/visiontransformer.py:998: UserWarning: Overwriting vit_base_patch32_384 in registry with domainbed.visiontransformer.vit_base_patch32_384. This is because the name being registered conflicts with an existing name. Please check if this is not expected.
  def vit_base_patch32_384(pretrained=False, **kwargs):
/media/SSD2/kavindya/Model/TFS-ViT_Token-level_Feature_Stylization/domainbed/visiontransformer.py:1009: UserWarning: Overwriting vit_large_patch16_224 in registry with domainbed.visiontransformer.vit_large_patch16_224. This is because the name being registered conflicts with an existing name. Please check if this is not expected.
  def vit_large_patch16_224(pretrained=False, **kwargs):
/media/SSD2/kavindya/Model/TFS-ViT_Token-level_Feature_Stylization/domainbed/visiontransformer.py:1020: UserWarning: Overwriting vit_large_patch16_384 in registry with domainbed.visiontransformer.vit_large_patch16_384. This is because the name being registered conflicts with an existing name. Please check if this is not expected.
  def vit_large_patch16_384(pretrained=False, **kwargs):
/media/SSD2/kavindya/Model/TFS-ViT_Token-level_Feature_Stylization/domainbed/visiontransformer.py:1031: UserWarning: Overwriting vit_large_patch32_384 in registry with domainbed.visiontransformer.vit_large_patch32_384. This is because the name being registered conflicts with an existing name. Please check if this is not expected.
  def vit_large_patch32_384(pretrained=False, **kwargs):
/media/SSD2/kavindya/Model/TFS-ViT_Token-level_Feature_Stylization/domainbed/visiontransformer.py:1057: UserWarning: Overwriting vit_small_resnet26d_224 in registry with domainbed.visiontransformer.vit_small_resnet26d_224. This is because the name being registered conflicts with an existing name. Please check if this is not expected.
  def vit_small_resnet26d_224(pretrained=False, **kwargs):
/media/SSD2/kavindya/Model/TFS-ViT_Token-level_Feature_Stylization/domainbed/visiontransformer.py:1077: UserWarning: Overwriting vit_base_resnet26d_224 in registry with domainbed.visiontransformer.vit_base_resnet26d_224. This is because the name being registered conflicts with an existing name. Please check if this is not expected.
  def vit_base_resnet26d_224(pretrained=False, **kwargs):
/media/SSD2/kavindya/Model/TFS-ViT_Token-level_Feature_Stylization/domainbed/visiontransformer.py:1087: UserWarning: Overwriting vit_base_resnet50d_224 in registry with domainbed.visiontransformer.vit_base_resnet50d_224. This is because the name being registered conflicts with an existing name. Please check if this is not expected.
  def vit_base_resnet50d_224(pretrained=False, **kwargs):
Not launched: ./Results/ImageNet/Fullset/Small_Epoch_Clipped_Alpha/RandConv_ViT/DeiTBase/t1_s2 ('ImageNet', 'RandConv_ViT', [1], 0)
1 jobs: 0 done, 0 incomplete, 1 not launched.
python -m domainbed.scripts.train --algorithm RandConv_ViT --data_dir /media/SSD2/Dataset --dataset ImageNet --holdout_fraction 0.2 --hparams '{"backbone":"DeiTBase","batch_size":64,"lr":5e-05 ,"resnet_dropout":0.0,"alpha_min":0.5,"alpha_max":1.0,"custom_train_val":true,"custom_train":0,"custom_val":1,"weight_decay":0.0,"fixed_featurizer":false}' --hparams_seed 0 --output_dir ./Results/ImageNet/Fullset/Small_Epoch_Clipped_Alpha/RandConv_ViT/DeiTBase/t1_s2 --seed 6113218 --task domain_generalization --test_envs 1 --trial_seed 2
About to launch 1 jobs.
Good to go
Launching...
Making job directories:
  0%|          | 0/1 [00:00<?, ?it/s]                                     WARNING: using experimental multi_gpu_launcher.
CUDA_VISIBLE_DEVICES:  1
Environment:
	Python: 3.8.8
	PyTorch: 2.0.1+cu117
	Torchvision: 0.15.2+cu117
	CUDA: 11.7
	CUDNN: 8500
	NumPy: 1.20.1
	PIL: 8.2.0
Args:
	algorithm: RandConv_ViT
	checkpoint_freq: None
	data_dir: /media/SSD2/Dataset
	dataset: ImageNet
	holdout_fraction: 0.2
	hparams: {"backbone":"DeiTBase","batch_size":64,"lr":5e-05 ,"resnet_dropout":0.0,"alpha_min":0.5,"alpha_max":1.0,"custom_train_val":true,"custom_train":0,"custom_val":1,"weight_decay":0.0,"fixed_featurizer":false}
	hparams_seed: 0
	output_dir: ./Results/ImageNet/Fullset/Small_Epoch_Clipped_Alpha/RandConv_ViT/DeiTBase/t1_s2
	save_best_model: True
	save_model_every_checkpoint: False
	seed: 6113218
	skip_model_save: False
	steps: None
	task: domain_generalization
	test_envs: [1]
	trial_seed: 2
	uda_holdout_fraction: 0
HParams:
	alpha_max: 1.0
	alpha_min: 0.5
	backbone: DeiTBase
	batch_size: 64
	class_balanced: False
	consistency_loss_w: 10.0
	custom_train: 0
	custom_train_val: True
	custom_val: 1
	data_augmentation: False
	digits: True
	empty_fc: False
	empty_head: False
	eval: False
	fixed_featurizer: False
	identity_prob: 0.0
	invariant_loss: True
	lr: 5e-05
	mixing: True
	nonlinear_classifier: False
	randomize_kernel: True
	resnet18: False
	resnet_dropout: 0.0
	test_env: [1]
	weight_decay: 0.0
	weight_decay_d: 0.0
device: cuda
Current cuda device  0
[INFO] NOT Doing Data Augmentation
[INFO] NOT Doing Data Augmentation
50000  length of val  1281167  length of train
env  0  :  train  in  1281167
env  1  :  valid  out  50000
DeiTBase Network
full_model_tuning_only
+ checkpoint_freq: 1000
Best model upto now
env1_out_acc  env1_out_los  epoch         loss          mem_gb        step          step_time     train_acc    
0.5240800000  3.1575254812  0.0000000000  4.9462580681  21.823115348  0             3.5381300449  0.5312500000 
Best model upto now
0.6835400000  1.3291428641  0.0499544556  1.7191133649  22.641609668  1000          2.1146331959  0.7596250000 
Best model upto now
0.6898400000  1.2734424326  0.0999089112  1.4463510426  22.641609668  2000          2.1165192225  0.7874218750 
Best model upto now
0.7014200000  1.2273134248  0.1498633668  1.3676431245  22.642029285  3000          2.1159500058  0.7947343750 
0.6994600000  1.2343917431  0.1998178223  1.3426243097  22.642029285  4000          2.1161868567  0.7978906250 
0.7008200000  1.2181492943  0.2497722779  1.2759496518  22.642029285  5000          2.1182297690  0.8043437500 
Best model upto now
0.7076600000  1.1894771211  0.2997267335  1.2646063066  22.642029285  6000          2.1218771503  0.8058906250 
0.7071400000  1.1884869831  0.3496811891  1.2387605929  22.642029285  7000          2.1198685491  0.8117500000 
0.7068400000  1.1808747410  0.3996356447  1.2011744235  22.642029285  8000          2.1148670449  0.8165937500 
Best model upto now
0.7080600000  1.1706880480  0.4495901003  1.1651797432  22.642029285  9000          2.1129417627  0.8200937500 
Best model upto now
0.7151000000  1.1473917877  0.4995445559  1.1520853643  22.642517089  10000         2.1108005075  0.8225781250 
0.7108400000  1.1631328043  0.5494990114  1.1556197840  22.642517089  11000         2.1100582154  0.8222500000 
0.7107000000  1.1613800422  0.5994534670  1.1413657870  22.642517089  12000         2.1087967124  0.8210312500 
0.7142400000  1.1423328167  0.6494079226  1.1252855158  22.642517089  13000         2.1083007548  0.8277031250 
0.7132600000  1.1540964603  0.6993623782  1.0976685054  22.642517089  14000         2.1098974390  0.8306718750 
0.7138600000  1.1485573684  0.7493168338  1.0953997658  22.642517089  15000         2.1147700050  0.8277656250 
Best model upto now
0.7156200000  1.1343454033  0.7992712894  1.0890691720  22.642517089  16000         2.1143087289  0.8300937500 
Best model upto now
0.7165800000  1.1246557768  0.8492257450  1.0745257767  22.642517089  17000         2.1123083098  0.8344218750 
0.7145600000  1.1359557061  0.8991802006  1.0585041754  22.642517089  18000         2.1114247036  0.8366718750 
0.7159800000  1.1371750030  0.9491346561  1.0550961538  22.642517089  19000         2.1097176721  0.8373437500 
0.7161600000  1.1292513612  0.9990891117  1.0396021838  22.642517089  20000         2.1097746785  0.8379531250 
0.7146200000  1.1326850624  0.9999882919  1.1345607969  22.642517089  20018         2.1099438137  0.8246527778 
/media/SSD2/kavindya/Model/TFS-ViT_Token-level_Feature_Stylization/domainbed/visiontransformer.py:962: UserWarning: Overwriting vit_small_patch16_224 in registry with domainbed.visiontransformer.vit_small_patch16_224. This is because the name being registered conflicts with an existing name. Please check if this is not expected.
  def vit_small_patch16_224(pretrained=False, **kwargs):
/media/SSD2/kavindya/Model/TFS-ViT_Token-level_Feature_Stylization/domainbed/visiontransformer.py:975: UserWarning: Overwriting vit_base_patch16_224 in registry with domainbed.visiontransformer.vit_base_patch16_224. This is because the name being registered conflicts with an existing name. Please check if this is not expected.
  def vit_base_patch16_224(pretrained=False, **kwargs):
/media/SSD2/kavindya/Model/TFS-ViT_Token-level_Feature_Stylization/domainbed/visiontransformer.py:987: UserWarning: Overwriting vit_base_patch16_384 in registry with domainbed.visiontransformer.vit_base_patch16_384. This is because the name being registered conflicts with an existing name. Please check if this is not expected.
  def vit_base_patch16_384(pretrained=False, **kwargs):
/media/SSD2/kavindya/Model/TFS-ViT_Token-level_Feature_Stylization/domainbed/visiontransformer.py:998: UserWarning: Overwriting vit_base_patch32_384 in registry with domainbed.visiontransformer.vit_base_patch32_384. This is because the name being registered conflicts with an existing name. Please check if this is not expected.
  def vit_base_patch32_384(pretrained=False, **kwargs):
/media/SSD2/kavindya/Model/TFS-ViT_Token-level_Feature_Stylization/domainbed/visiontransformer.py:1009: UserWarning: Overwriting vit_large_patch16_224 in registry with domainbed.visiontransformer.vit_large_patch16_224. This is because the name being registered conflicts with an existing name. Please check if this is not expected.
  def vit_large_patch16_224(pretrained=False, **kwargs):
/media/SSD2/kavindya/Model/TFS-ViT_Token-level_Feature_Stylization/domainbed/visiontransformer.py:1020: UserWarning: Overwriting vit_large_patch16_384 in registry with domainbed.visiontransformer.vit_large_patch16_384. This is because the name being registered conflicts with an existing name. Please check if this is not expected.
  def vit_large_patch16_384(pretrained=False, **kwargs):
/media/SSD2/kavindya/Model/TFS-ViT_Token-level_Feature_Stylization/domainbed/visiontransformer.py:1031: UserWarning: Overwriting vit_large_patch32_384 in registry with domainbed.visiontransformer.vit_large_patch32_384. This is because the name being registered conflicts with an existing name. Please check if this is not expected.
  def vit_large_patch32_384(pretrained=False, **kwargs):
/media/SSD2/kavindya/Model/TFS-ViT_Token-level_Feature_Stylization/domainbed/visiontransformer.py:1057: UserWarning: Overwriting vit_small_resnet26d_224 in registry with domainbed.visiontransformer.vit_small_resnet26d_224. This is because the name being registered conflicts with an existing name. Please check if this is not expected.
  def vit_small_resnet26d_224(pretrained=False, **kwargs):
/media/SSD2/kavindya/Model/TFS-ViT_Token-level_Feature_Stylization/domainbed/visiontransformer.py:1077: UserWarning: Overwriting vit_base_resnet26d_224 in registry with domainbed.visiontransformer.vit_base_resnet26d_224. This is because the name being registered conflicts with an existing name. Please check if this is not expected.
  def vit_base_resnet26d_224(pretrained=False, **kwargs):
/media/SSD2/kavindya/Model/TFS-ViT_Token-level_Feature_Stylization/domainbed/visiontransformer.py:1087: UserWarning: Overwriting vit_base_resnet50d_224 in registry with domainbed.visiontransformer.vit_base_resnet50d_224. This is because the name being registered conflicts with an existing name. Please check if this is not expected.
  def vit_base_resnet50d_224(pretrained=False, **kwargs):
Launched 1 jobs!
