/media/SSD2/kavindya/Model/TFS-ViT_Token-level_Feature_Stylization/domainbed/visiontransformer.py:962: UserWarning: Overwriting vit_small_patch16_224 in registry with domainbed.visiontransformer.vit_small_patch16_224. This is because the name being registered conflicts with an existing name. Please check if this is not expected.
  def vit_small_patch16_224(pretrained=False, **kwargs):
/media/SSD2/kavindya/Model/TFS-ViT_Token-level_Feature_Stylization/domainbed/visiontransformer.py:975: UserWarning: Overwriting vit_base_patch16_224 in registry with domainbed.visiontransformer.vit_base_patch16_224. This is because the name being registered conflicts with an existing name. Please check if this is not expected.
  def vit_base_patch16_224(pretrained=False, **kwargs):
/media/SSD2/kavindya/Model/TFS-ViT_Token-level_Feature_Stylization/domainbed/visiontransformer.py:987: UserWarning: Overwriting vit_base_patch16_384 in registry with domainbed.visiontransformer.vit_base_patch16_384. This is because the name being registered conflicts with an existing name. Please check if this is not expected.
  def vit_base_patch16_384(pretrained=False, **kwargs):
/media/SSD2/kavindya/Model/TFS-ViT_Token-level_Feature_Stylization/domainbed/visiontransformer.py:998: UserWarning: Overwriting vit_base_patch32_384 in registry with domainbed.visiontransformer.vit_base_patch32_384. This is because the name being registered conflicts with an existing name. Please check if this is not expected.
  def vit_base_patch32_384(pretrained=False, **kwargs):
/media/SSD2/kavindya/Model/TFS-ViT_Token-level_Feature_Stylization/domainbed/visiontransformer.py:1009: UserWarning: Overwriting vit_large_patch16_224 in registry with domainbed.visiontransformer.vit_large_patch16_224. This is because the name being registered conflicts with an existing name. Please check if this is not expected.
  def vit_large_patch16_224(pretrained=False, **kwargs):
/media/SSD2/kavindya/Model/TFS-ViT_Token-level_Feature_Stylization/domainbed/visiontransformer.py:1020: UserWarning: Overwriting vit_large_patch16_384 in registry with domainbed.visiontransformer.vit_large_patch16_384. This is because the name being registered conflicts with an existing name. Please check if this is not expected.
  def vit_large_patch16_384(pretrained=False, **kwargs):
/media/SSD2/kavindya/Model/TFS-ViT_Token-level_Feature_Stylization/domainbed/visiontransformer.py:1031: UserWarning: Overwriting vit_large_patch32_384 in registry with domainbed.visiontransformer.vit_large_patch32_384. This is because the name being registered conflicts with an existing name. Please check if this is not expected.
  def vit_large_patch32_384(pretrained=False, **kwargs):
/media/SSD2/kavindya/Model/TFS-ViT_Token-level_Feature_Stylization/domainbed/visiontransformer.py:1057: UserWarning: Overwriting vit_small_resnet26d_224 in registry with domainbed.visiontransformer.vit_small_resnet26d_224. This is because the name being registered conflicts with an existing name. Please check if this is not expected.
  def vit_small_resnet26d_224(pretrained=False, **kwargs):
/media/SSD2/kavindya/Model/TFS-ViT_Token-level_Feature_Stylization/domainbed/visiontransformer.py:1077: UserWarning: Overwriting vit_base_resnet26d_224 in registry with domainbed.visiontransformer.vit_base_resnet26d_224. This is because the name being registered conflicts with an existing name. Please check if this is not expected.
  def vit_base_resnet26d_224(pretrained=False, **kwargs):
/media/SSD2/kavindya/Model/TFS-ViT_Token-level_Feature_Stylization/domainbed/visiontransformer.py:1087: UserWarning: Overwriting vit_base_resnet50d_224 in registry with domainbed.visiontransformer.vit_base_resnet50d_224. This is because the name being registered conflicts with an existing name. Please check if this is not expected.
  def vit_base_resnet50d_224(pretrained=False, **kwargs):
Not launched: ./Results/DIGITS/RandConv_CNN/T_New_3_2/t12345_s2 ('DIGITS', 'RandConv_CNN', [1, 2, 3, 4, 5], 0)
1 jobs: 0 done, 0 incomplete, 1 not launched.
python -m domainbed.scripts.train --algorithm RandConv_CNN --data_dir /media/SSD2/Dataset --dataset DIGITS --holdout_fraction 0.2 --hparams '{"batch_size":32,"lr":0.0001,"custom_train_val":true,"custom_train":0,"custom_val":1,"resnet_dropout":0.0,"weight_decay":0.0,"empty_fc":true,"fixed_featurizer":false}' --hparams_seed 0 --output_dir ./Results/DIGITS/RandConv_CNN/T_New_3_2/t12345_s2 --seed 915312828 --task domain_generalization --test_envs 1 2 3 4 5 --trial_seed 2
About to delete 0 jobs.
Good to go
Deleting...
Deleted 0 jobs!
/media/SSD2/kavindya/Model/TFS-ViT_Token-level_Feature_Stylization/domainbed/visiontransformer.py:962: UserWarning: Overwriting vit_small_patch16_224 in registry with domainbed.visiontransformer.vit_small_patch16_224. This is because the name being registered conflicts with an existing name. Please check if this is not expected.
  def vit_small_patch16_224(pretrained=False, **kwargs):
/media/SSD2/kavindya/Model/TFS-ViT_Token-level_Feature_Stylization/domainbed/visiontransformer.py:975: UserWarning: Overwriting vit_base_patch16_224 in registry with domainbed.visiontransformer.vit_base_patch16_224. This is because the name being registered conflicts with an existing name. Please check if this is not expected.
  def vit_base_patch16_224(pretrained=False, **kwargs):
/media/SSD2/kavindya/Model/TFS-ViT_Token-level_Feature_Stylization/domainbed/visiontransformer.py:987: UserWarning: Overwriting vit_base_patch16_384 in registry with domainbed.visiontransformer.vit_base_patch16_384. This is because the name being registered conflicts with an existing name. Please check if this is not expected.
  def vit_base_patch16_384(pretrained=False, **kwargs):
/media/SSD2/kavindya/Model/TFS-ViT_Token-level_Feature_Stylization/domainbed/visiontransformer.py:998: UserWarning: Overwriting vit_base_patch32_384 in registry with domainbed.visiontransformer.vit_base_patch32_384. This is because the name being registered conflicts with an existing name. Please check if this is not expected.
  def vit_base_patch32_384(pretrained=False, **kwargs):
/media/SSD2/kavindya/Model/TFS-ViT_Token-level_Feature_Stylization/domainbed/visiontransformer.py:1009: UserWarning: Overwriting vit_large_patch16_224 in registry with domainbed.visiontransformer.vit_large_patch16_224. This is because the name being registered conflicts with an existing name. Please check if this is not expected.
  def vit_large_patch16_224(pretrained=False, **kwargs):
/media/SSD2/kavindya/Model/TFS-ViT_Token-level_Feature_Stylization/domainbed/visiontransformer.py:1020: UserWarning: Overwriting vit_large_patch16_384 in registry with domainbed.visiontransformer.vit_large_patch16_384. This is because the name being registered conflicts with an existing name. Please check if this is not expected.
  def vit_large_patch16_384(pretrained=False, **kwargs):
/media/SSD2/kavindya/Model/TFS-ViT_Token-level_Feature_Stylization/domainbed/visiontransformer.py:1031: UserWarning: Overwriting vit_large_patch32_384 in registry with domainbed.visiontransformer.vit_large_patch32_384. This is because the name being registered conflicts with an existing name. Please check if this is not expected.
  def vit_large_patch32_384(pretrained=False, **kwargs):
/media/SSD2/kavindya/Model/TFS-ViT_Token-level_Feature_Stylization/domainbed/visiontransformer.py:1057: UserWarning: Overwriting vit_small_resnet26d_224 in registry with domainbed.visiontransformer.vit_small_resnet26d_224. This is because the name being registered conflicts with an existing name. Please check if this is not expected.
  def vit_small_resnet26d_224(pretrained=False, **kwargs):
/media/SSD2/kavindya/Model/TFS-ViT_Token-level_Feature_Stylization/domainbed/visiontransformer.py:1077: UserWarning: Overwriting vit_base_resnet26d_224 in registry with domainbed.visiontransformer.vit_base_resnet26d_224. This is because the name being registered conflicts with an existing name. Please check if this is not expected.
  def vit_base_resnet26d_224(pretrained=False, **kwargs):
/media/SSD2/kavindya/Model/TFS-ViT_Token-level_Feature_Stylization/domainbed/visiontransformer.py:1087: UserWarning: Overwriting vit_base_resnet50d_224 in registry with domainbed.visiontransformer.vit_base_resnet50d_224. This is because the name being registered conflicts with an existing name. Please check if this is not expected.
  def vit_base_resnet50d_224(pretrained=False, **kwargs):
Not launched: ./Results/DIGITS/RandConv_CNN/T_New_3_2/t12345_s2 ('DIGITS', 'RandConv_CNN', [1, 2, 3, 4, 5], 0)
1 jobs: 0 done, 0 incomplete, 1 not launched.
python -m domainbed.scripts.train --algorithm RandConv_CNN --data_dir /media/SSD2/Dataset --dataset DIGITS --holdout_fraction 0.2 --hparams '{"batch_size":32,"lr":0.0001,"custom_train_val":true,"custom_train":0,"custom_val":1,"resnet_dropout":0.0,"weight_decay":0.0,"empty_fc":true,"fixed_featurizer":false}' --hparams_seed 0 --output_dir ./Results/DIGITS/RandConv_CNN/T_New_3_2/t12345_s2 --seed 915312828 --task domain_generalization --test_envs 1 2 3 4 5 --trial_seed 2
About to launch 1 jobs.
Good to go
Launching...
Making job directories:
  0%|          | 0/1 [00:00<?, ?it/s]                                     WARNING: using experimental multi_gpu_launcher.
Environment:
	Python: 3.8.8
	PyTorch: 2.0.1+cu117
	Torchvision: 0.15.2+cu117
	CUDA: 11.7
	CUDNN: 8500
	NumPy: 1.20.1
	PIL: 8.2.0
Args:
	algorithm: RandConv_CNN
	checkpoint_freq: None
	data_dir: /media/SSD2/Dataset
	dataset: DIGITS
	holdout_fraction: 0.2
	hparams: {"batch_size":32,"lr":0.0001,"custom_train_val":true,"custom_train":0,"custom_val":1,"resnet_dropout":0.0,"weight_decay":0.0,"empty_fc":true,"fixed_featurizer":false}
	hparams_seed: 0
	output_dir: ./Results/DIGITS/RandConv_CNN/T_New_3_2/t12345_s2
	save_best_model: True
	save_model_every_checkpoint: False
	seed: 915312828
	skip_model_save: False
	steps: None
	task: domain_generalization
	test_envs: [1, 2, 3, 4, 5]
	trial_seed: 2
	uda_holdout_fraction: 0
HParams:
	alpha_max: 1.0
	alpha_min: 0.0
	backbone: DeitSmall
	batch_size: 32
	class_balanced: False
	consistency_loss_w: 10.0
	custom_train: 0
	custom_train_val: True
	custom_val: 1
	data_augmentation: False
	digits: True
	empty_fc: True
	empty_head: False
	eval: False
	fixed_featurizer: False
	identity_prob: 0.0
	invariant_loss: True
	lr: 0.0001
	mixing: True
	nonlinear_classifier: False
	randomize_kernel: True
	resnet18: False
	resnet_dropout: 0.0
	test_env: [1, 2, 3, 4, 5]
	weight_decay: 0.0
	weight_decay_d: 0.0
device: cuda
Current cuda device  0
/media/SSD2/Dataset/digits/MNISTM/processed/mnist_m_test.pt
Using downloaded and verified file: /media/SSD2/Dataset/digits/test_32x32.mat
/media/SSD2/Dataset/digits/SYN/processed/synth_test.pt
10000  length of val  60000  length of train
env  0  :  MNIST  in  60000
env  1  :  MNIST_VAL  out  10000
env  2  :  MNIST-M  out  10000
env  3  :  SVHN  out  26032
env  4  :  USPS  out  2007
env  5  :  SYN  out  9553
Using LeNet
moving to the classifier
full_model_tuning_only
+ checkpoint_freq: 250
Best model upto now
env1_out_acc  env1_out_los  env2_out_acc  env2_out_los  env3_out_acc  env3_out_los  env4_out_acc  env4_out_los  env5_out_acc  env5_out_los  epoch         loss          mem_gb        step          step_time     train_acc    
0.1082300000  2.2996052902  0.1199000000  2.3015541336  0.1069837124  2.3034660571  0.0852017937  2.3066244274  0.0957814299  2.3027197488  0.0000000000  2.3017580509  0.2093706131  0             1.5634708405  0.1562500000 
Best model upto now
0.8607900000  0.7405401733  0.5816000000  1.4354793875  0.3023202213  2.0785647303  0.7538614848  1.2871868238  0.3966293311  1.8618208901  0.1333333333  1.6522862537  0.2410836220  250           0.0203362446  0.6632500000 
Best model upto now
0.9168900000  0.2828224055  0.7276000000  0.8442599230  0.3652427781  1.8503799409  0.7563527653  0.7319941148  0.4724170418  1.7577326361  0.2666666667  0.7353636358  0.2410836220  500           0.0235105877  0.8888750000 
Best model upto now
0.9386200000  0.2255222416  0.7797000000  0.7247760039  0.4269744929  1.6716976066  0.7757847534  0.7106594928  0.5056003350  1.6517628956  0.4000000000  0.5224567454  0.2410840988  750           0.0238805676  0.9238750000 
Best model upto now
0.9502000000  0.1631687976  0.8178000000  0.5748739797  0.4420328826  1.6605496927  0.8006975585  0.6138259787  0.5464252067  1.6408001439  0.5333333333  0.3418643959  0.2410840988  1000          0.0231905127  0.9476250000 
Best model upto now
0.9626200000  0.1234905262  0.8220000000  0.5699965090  0.4384987707  1.7368676423  0.7947184853  0.6628216282  0.5472626400  1.7408448585  0.6666666667  0.3505917029  0.2410840988  1250          0.0246839714  0.9521250000 
0.9603900000  0.1283238987  0.8470000000  0.4727876896  0.4190611555  1.8698453237  0.7847533632  0.6362270303  0.5380508741  1.8341332467  0.8000000000  0.2867548763  0.2410840988  1500          0.0239961700  0.9570000000 
Best model upto now
0.9691000000  0.0994480557  0.8484000000  0.4740627883  0.4453749232  1.9183518431  0.7997010463  0.6963417940  0.5661048885  1.8278857915  0.9333333333  0.2474986322  0.2410840988  1750          0.0122483139  0.9637500000 
Best model upto now
0.9713700000  0.0931602932  0.8436000000  0.4980553864  0.5174784880  1.5037252921  0.8256103637  0.5843848269  0.5823301581  1.6101468833  1.0666666667  0.2102237787  0.2410840988  2000          0.0192184410  0.9710000000 
0.9667700000  0.1022862710  0.8206000000  0.5565167628  0.4498309773  1.8032473180  0.8131539611  0.6016573086  0.5651627761  1.7361944739  1.2000000000  0.2323489746  0.2410840988  2250          0.0243439379  0.9673750000 
Best model upto now
0.9721700000  0.0846763475  0.8389000000  0.5113937821  0.4277043639  2.0058368351  0.8046836074  0.6547018550  0.5580445933  1.9116298119  1.3333333333  0.2082880764  0.2410840988  2500          0.0229856167  0.9686250000 
Best model upto now
0.9732500000  0.0843307510  0.8573000000  0.4356856859  0.4688076214  1.9187380140  0.7867463876  0.7379203290  0.5746885795  1.8570428928  1.4666666667  0.1953564416  0.2410850525  2750          0.0229772034  0.9750000000 
Best model upto now
0.9762500000  0.0702952473  0.8712000000  0.4006097649  0.5212814997  1.5897051914  0.8261086198  0.5889076628  0.6030566314  1.6379412444  1.6000000000  0.2042103579  0.2410850525  3000          0.0231403875  0.9705000000 
Best model upto now
0.9768500000  0.0733114280  0.8546000000  0.4494127446  0.5236631838  1.5143890276  0.8281016442  0.5590631720  0.5856798911  1.7202126328  1.7333333333  0.2342086861  0.2410850525  3250          0.0135847521  0.9712500000 
Best model upto now
0.9803000000  0.0631296549  0.8744000000  0.3958950141  0.5251613399  1.5898278326  0.8166417539  0.6806883216  0.6009630483  1.7696292655  1.8666666667  0.1851129347  0.2410850525  3500          0.0229622736  0.9750000000 
Best model upto now
0.9824500000  0.0554397668  0.8677000000  0.4243000623  0.5583512600  1.5061458904  0.8246138515  0.6826679725  0.6077671936  1.7713061460  2.0000000000  0.1663877763  0.2410850525  3750          0.0225688477  0.9760000000 
0.9818000000  0.0556010883  0.8540000000  0.4549358785  0.5724108789  1.4492549855  0.8281016442  0.5407741088  0.6177117136  1.6082532565  2.1333333333  0.1605223642  0.2410850525  4000          0.0223458319  0.9785000000 
Best model upto now
0.9826700000  0.0520975613  0.8644000000  0.4221892942  0.5378380455  1.6280044440  0.8156452417  0.6980500035  0.6059876479  1.7611425145  2.2666666667  0.1574108041  0.2410850525  4250          0.0247002888  0.9787500000 
0.9813900000  0.0600593537  0.8496000000  0.4746712269  0.4878610940  1.9575662660  0.8051818635  0.7877645306  0.5873547577  1.9015935246  2.4000000000  0.1493085108  0.2410850525  4500          0.0264555206  0.9797500000 
Best model upto now
0.9859300000  0.0450366739  0.8660000000  0.4083106718  0.5669176398  1.4560780601  0.8310911809  0.5817774683  0.6273421962  1.4975033228  2.5333333333  0.1473993062  0.2410850525  4750          0.0227399549  0.9808750000 
0.9817700000  0.0573171584  0.8430000000  0.4959545256  0.4800629994  2.2213952763  0.8026905830  0.8994228169  0.5936355072  1.9380264203  2.6666666667  0.1383159579  0.2410850525  5000          0.0221510649  0.9818750000 
0.9813600000  0.0573207984  0.8602000000  0.4275852325  0.5281192379  1.6841191486  0.8216243149  0.6047572419  0.6168742803  1.6498335743  2.8000000000  0.1522136527  0.2410850525  5250          0.0263948822  0.9801250000 
Best model upto now
0.9866600000  0.0442500343  0.8798000000  0.3753376950  0.5263137677  1.7388087984  0.8091679123  0.7067627292  0.6304825709  1.6218151585  2.9333333333  0.1323817773  0.2410850525  5500          0.0217779255  0.9822500000 
0.9839400000  0.0503753935  0.8737000000  0.3951401818  0.5406422864  1.6709653238  0.8111609367  0.7665883768  0.6217942008  1.6765084521  3.0666666667  0.1269859424  0.2410850525  5750          0.0229625587  0.9825000000 
0.9857000000  0.0442790769  0.8632000000  0.4268481399  0.5623847572  1.4655828716  0.8310911809  0.6325448938  0.6216895216  1.6248692592  3.2000000000  0.1372788907  0.2410850525  6000          0.0227668018  0.9837500000 
0.9834600000  0.0507416010  0.8762000000  0.3880928715  0.5706438230  1.4889694534  0.8320876931  0.5823494997  0.6394849785  1.6242293119  3.3333333333  0.1456210622  0.2410850525  6250          0.0226737156  0.9818750000 
0.9861100000  0.0414160512  0.8679000000  0.4245174865  0.5852796558  1.4439930004  0.8440458396  0.5663605165  0.6417879200  1.6041882245  3.4666666667  0.1351395334  0.2410850525  6500          0.0224562302  0.9823750000 
0.9838700000  0.0493320710  0.8662000000  0.4294562100  0.5460586970  1.6490999548  0.8266068759  0.6191314515  0.6231550298  1.7093278646  3.6000000000  0.1263825004  0.2410850525  6750          0.0227946663  0.9826250000 
Best model upto now
0.9866700000  0.0405562279  0.8630000000  0.4189907320  0.5798632452  1.4363727307  0.8345789736  0.5538655296  0.6345650581  1.5441559013  3.7333333333  0.1282014524  0.2410850525  7000          0.0213650312  0.9833750000 
0.9857900000  0.0434556866  0.8646000000  0.4254916760  0.5837430854  1.4803827247  0.8400597907  0.6360870525  0.6348790956  1.6432641522  3.8666666667  0.1141828744  0.2410850525  7250          0.0223893137  0.9868750000 
0.9854400000  0.0452939524  0.8629000000  0.4189748956  0.5441379840  1.5452489415  0.8405580468  0.6094365139  0.6220035591  1.7034458335  4.0000000000  0.1425576417  0.2410850525  7500          0.0220251312  0.9820000000 
Best model upto now
0.9883500000  0.0365970693  0.8734000000  0.3941866497  0.5423325138  1.6301640073  0.8410563029  0.5935349781  0.6247252172  1.6659632826  4.1333333333  0.1246350101  0.2410850525  7750          0.0228254881  0.9842500000 
0.9848600000  0.0488791479  0.8666000000  0.4225085348  0.5411032575  1.6964402304  0.8261086198  0.6571581587  0.6028472731  1.7719874207  4.2666666667  0.1106499889  0.2410850525  8000          0.0228550043  0.9861250000 
0.9869600000  0.0414443353  0.8839000000  0.3568309449  0.5059926245  2.0446072542  0.8216243149  0.8112936579  0.6077671936  1.9767995469  4.4000000000  0.1026948429  0.2410850525  8250          0.0248075504  0.9877500000 
0.9880900000  0.0367093560  0.8734000000  0.3963248577  0.5718730793  1.4793600633  0.8420528151  0.5642373748  0.6407411284  1.5606600444  4.5333333333  0.1160916353  0.2410850525  8500          0.0243929377  0.9851250000 
0.9856500000  0.0430977279  0.8750000000  0.3729419431  0.5392977873  1.7442078105  0.8196312905  0.6872644741  0.6318434000  1.6489989122  4.6666666667  0.1140778094  0.2410850525  8750          0.0222065134  0.9867500000 
0.9868700000  0.0402380764  0.8615000000  0.4529331119  0.5934234788  1.4650441227  0.8560039860  0.5933870859  0.6358212080  1.7094413964  4.8000000000  0.1061291793  0.2410850525  9000          0.0222033119  0.9855000000 
Best model upto now
0.9883600000  0.0372759642  0.8853000000  0.3585445287  0.5230101414  1.8705210563  0.8131539611  0.8394633979  0.6154087721  1.9188838736  4.9333333333  0.1067859380  0.2410850525  9250          0.0225250254  0.9857500000 
0.9874800000  0.0377771427  0.8753000000  0.3776084051  0.6049477566  1.3578530132  0.8535127055  0.5728911962  0.6399036952  1.5561030006  5.0666666667  0.0936481971  0.2410850525  9500          0.0228391933  0.9885000000 
0.9865200000  0.0442434060  0.8776000000  0.3922872164  0.5369161033  1.8518737099  0.8261086198  0.7442947850  0.6033706689  2.0227592961  5.2000000000  0.1009722253  0.2410850525  9750          0.0226993008  0.9867500000 
0.9875900000  0.0388172248  0.8845000000  0.3709851905  0.5729486785  1.6701181700  0.8350772297  0.7995215729  0.6430440699  1.7764112743  5.3328000000  0.0923808747  0.2410850525  9999          0.0226652498  0.9873242972 
/media/SSD2/kavindya/Model/TFS-ViT_Token-level_Feature_Stylization/domainbed/visiontransformer.py:962: UserWarning: Overwriting vit_small_patch16_224 in registry with domainbed.visiontransformer.vit_small_patch16_224. This is because the name being registered conflicts with an existing name. Please check if this is not expected.
  def vit_small_patch16_224(pretrained=False, **kwargs):
/media/SSD2/kavindya/Model/TFS-ViT_Token-level_Feature_Stylization/domainbed/visiontransformer.py:975: UserWarning: Overwriting vit_base_patch16_224 in registry with domainbed.visiontransformer.vit_base_patch16_224. This is because the name being registered conflicts with an existing name. Please check if this is not expected.
  def vit_base_patch16_224(pretrained=False, **kwargs):
/media/SSD2/kavindya/Model/TFS-ViT_Token-level_Feature_Stylization/domainbed/visiontransformer.py:987: UserWarning: Overwriting vit_base_patch16_384 in registry with domainbed.visiontransformer.vit_base_patch16_384. This is because the name being registered conflicts with an existing name. Please check if this is not expected.
  def vit_base_patch16_384(pretrained=False, **kwargs):
/media/SSD2/kavindya/Model/TFS-ViT_Token-level_Feature_Stylization/domainbed/visiontransformer.py:998: UserWarning: Overwriting vit_base_patch32_384 in registry with domainbed.visiontransformer.vit_base_patch32_384. This is because the name being registered conflicts with an existing name. Please check if this is not expected.
  def vit_base_patch32_384(pretrained=False, **kwargs):
/media/SSD2/kavindya/Model/TFS-ViT_Token-level_Feature_Stylization/domainbed/visiontransformer.py:1009: UserWarning: Overwriting vit_large_patch16_224 in registry with domainbed.visiontransformer.vit_large_patch16_224. This is because the name being registered conflicts with an existing name. Please check if this is not expected.
  def vit_large_patch16_224(pretrained=False, **kwargs):
/media/SSD2/kavindya/Model/TFS-ViT_Token-level_Feature_Stylization/domainbed/visiontransformer.py:1020: UserWarning: Overwriting vit_large_patch16_384 in registry with domainbed.visiontransformer.vit_large_patch16_384. This is because the name being registered conflicts with an existing name. Please check if this is not expected.
  def vit_large_patch16_384(pretrained=False, **kwargs):
/media/SSD2/kavindya/Model/TFS-ViT_Token-level_Feature_Stylization/domainbed/visiontransformer.py:1031: UserWarning: Overwriting vit_large_patch32_384 in registry with domainbed.visiontransformer.vit_large_patch32_384. This is because the name being registered conflicts with an existing name. Please check if this is not expected.
  def vit_large_patch32_384(pretrained=False, **kwargs):
/media/SSD2/kavindya/Model/TFS-ViT_Token-level_Feature_Stylization/domainbed/visiontransformer.py:1057: UserWarning: Overwriting vit_small_resnet26d_224 in registry with domainbed.visiontransformer.vit_small_resnet26d_224. This is because the name being registered conflicts with an existing name. Please check if this is not expected.
  def vit_small_resnet26d_224(pretrained=False, **kwargs):
/media/SSD2/kavindya/Model/TFS-ViT_Token-level_Feature_Stylization/domainbed/visiontransformer.py:1077: UserWarning: Overwriting vit_base_resnet26d_224 in registry with domainbed.visiontransformer.vit_base_resnet26d_224. This is because the name being registered conflicts with an existing name. Please check if this is not expected.
  def vit_base_resnet26d_224(pretrained=False, **kwargs):
/media/SSD2/kavindya/Model/TFS-ViT_Token-level_Feature_Stylization/domainbed/visiontransformer.py:1087: UserWarning: Overwriting vit_base_resnet50d_224 in registry with domainbed.visiontransformer.vit_base_resnet50d_224. This is because the name being registered conflicts with an existing name. Please check if this is not expected.
  def vit_base_resnet50d_224(pretrained=False, **kwargs):
Launched 1 jobs!
