nohup: ignoring input
/media/SSD2/kavindya/Model/TFS-ViT_Token-level_Feature_Stylization/domainbed/visiontransformer.py:962: UserWarning: Overwriting vit_small_patch16_224 in registry with domainbed.visiontransformer.vit_small_patch16_224. This is because the name being registered conflicts with an existing name. Please check if this is not expected.
  def vit_small_patch16_224(pretrained=False, **kwargs):
/media/SSD2/kavindya/Model/TFS-ViT_Token-level_Feature_Stylization/domainbed/visiontransformer.py:975: UserWarning: Overwriting vit_base_patch16_224 in registry with domainbed.visiontransformer.vit_base_patch16_224. This is because the name being registered conflicts with an existing name. Please check if this is not expected.
  def vit_base_patch16_224(pretrained=False, **kwargs):
/media/SSD2/kavindya/Model/TFS-ViT_Token-level_Feature_Stylization/domainbed/visiontransformer.py:987: UserWarning: Overwriting vit_base_patch16_384 in registry with domainbed.visiontransformer.vit_base_patch16_384. This is because the name being registered conflicts with an existing name. Please check if this is not expected.
  def vit_base_patch16_384(pretrained=False, **kwargs):
/media/SSD2/kavindya/Model/TFS-ViT_Token-level_Feature_Stylization/domainbed/visiontransformer.py:998: UserWarning: Overwriting vit_base_patch32_384 in registry with domainbed.visiontransformer.vit_base_patch32_384. This is because the name being registered conflicts with an existing name. Please check if this is not expected.
  def vit_base_patch32_384(pretrained=False, **kwargs):
/media/SSD2/kavindya/Model/TFS-ViT_Token-level_Feature_Stylization/domainbed/visiontransformer.py:1009: UserWarning: Overwriting vit_large_patch16_224 in registry with domainbed.visiontransformer.vit_large_patch16_224. This is because the name being registered conflicts with an existing name. Please check if this is not expected.
  def vit_large_patch16_224(pretrained=False, **kwargs):
/media/SSD2/kavindya/Model/TFS-ViT_Token-level_Feature_Stylization/domainbed/visiontransformer.py:1020: UserWarning: Overwriting vit_large_patch16_384 in registry with domainbed.visiontransformer.vit_large_patch16_384. This is because the name being registered conflicts with an existing name. Please check if this is not expected.
  def vit_large_patch16_384(pretrained=False, **kwargs):
/media/SSD2/kavindya/Model/TFS-ViT_Token-level_Feature_Stylization/domainbed/visiontransformer.py:1031: UserWarning: Overwriting vit_large_patch32_384 in registry with domainbed.visiontransformer.vit_large_patch32_384. This is because the name being registered conflicts with an existing name. Please check if this is not expected.
  def vit_large_patch32_384(pretrained=False, **kwargs):
/media/SSD2/kavindya/Model/TFS-ViT_Token-level_Feature_Stylization/domainbed/visiontransformer.py:1057: UserWarning: Overwriting vit_small_resnet26d_224 in registry with domainbed.visiontransformer.vit_small_resnet26d_224. This is because the name being registered conflicts with an existing name. Please check if this is not expected.
  def vit_small_resnet26d_224(pretrained=False, **kwargs):
/media/SSD2/kavindya/Model/TFS-ViT_Token-level_Feature_Stylization/domainbed/visiontransformer.py:1077: UserWarning: Overwriting vit_base_resnet26d_224 in registry with domainbed.visiontransformer.vit_base_resnet26d_224. This is because the name being registered conflicts with an existing name. Please check if this is not expected.
  def vit_base_resnet26d_224(pretrained=False, **kwargs):
/media/SSD2/kavindya/Model/TFS-ViT_Token-level_Feature_Stylization/domainbed/visiontransformer.py:1087: UserWarning: Overwriting vit_base_resnet50d_224 in registry with domainbed.visiontransformer.vit_base_resnet50d_224. This is because the name being registered conflicts with an existing name. Please check if this is not expected.
  def vit_base_resnet50d_224(pretrained=False, **kwargs):
Incomplete: ./Results/ImageNet/Fullset/Small_Epoch/RandConv_ViT/ViTBase/t1_s0 ('ImageNet', 'RandConv_ViT', [1], 0)
1 jobs: 0 done, 1 incomplete, 0 not launched.
python -m domainbed.scripts.train --algorithm RandConv_ViT --data_dir /media/SSD2/Dataset --dataset ImageNet --holdout_fraction 0.2 --hparams '{"backbone":"ViTBase","batch_size":64,"lr":5e-05 ,"resnet_dropout":0.0,"custom_train_val":true,"custom_train":0,"custom_val":1,"weight_decay":0.0,"fixed_featurizer":false}' --hparams_seed 0 --output_dir ./Results/ImageNet/Fullset/Small_Epoch/RandConv_ViT/ViTBase/t1_s0 --seed 6113218 --task domain_generalization --test_envs 1 --trial_seed 0
About to delete 1 jobs.
Good to go
Deleting...
Deleted 1 jobs!
/media/SSD2/kavindya/Model/TFS-ViT_Token-level_Feature_Stylization/domainbed/visiontransformer.py:962: UserWarning: Overwriting vit_small_patch16_224 in registry with domainbed.visiontransformer.vit_small_patch16_224. This is because the name being registered conflicts with an existing name. Please check if this is not expected.
  def vit_small_patch16_224(pretrained=False, **kwargs):
/media/SSD2/kavindya/Model/TFS-ViT_Token-level_Feature_Stylization/domainbed/visiontransformer.py:975: UserWarning: Overwriting vit_base_patch16_224 in registry with domainbed.visiontransformer.vit_base_patch16_224. This is because the name being registered conflicts with an existing name. Please check if this is not expected.
  def vit_base_patch16_224(pretrained=False, **kwargs):
/media/SSD2/kavindya/Model/TFS-ViT_Token-level_Feature_Stylization/domainbed/visiontransformer.py:987: UserWarning: Overwriting vit_base_patch16_384 in registry with domainbed.visiontransformer.vit_base_patch16_384. This is because the name being registered conflicts with an existing name. Please check if this is not expected.
  def vit_base_patch16_384(pretrained=False, **kwargs):
/media/SSD2/kavindya/Model/TFS-ViT_Token-level_Feature_Stylization/domainbed/visiontransformer.py:998: UserWarning: Overwriting vit_base_patch32_384 in registry with domainbed.visiontransformer.vit_base_patch32_384. This is because the name being registered conflicts with an existing name. Please check if this is not expected.
  def vit_base_patch32_384(pretrained=False, **kwargs):
/media/SSD2/kavindya/Model/TFS-ViT_Token-level_Feature_Stylization/domainbed/visiontransformer.py:1009: UserWarning: Overwriting vit_large_patch16_224 in registry with domainbed.visiontransformer.vit_large_patch16_224. This is because the name being registered conflicts with an existing name. Please check if this is not expected.
  def vit_large_patch16_224(pretrained=False, **kwargs):
/media/SSD2/kavindya/Model/TFS-ViT_Token-level_Feature_Stylization/domainbed/visiontransformer.py:1020: UserWarning: Overwriting vit_large_patch16_384 in registry with domainbed.visiontransformer.vit_large_patch16_384. This is because the name being registered conflicts with an existing name. Please check if this is not expected.
  def vit_large_patch16_384(pretrained=False, **kwargs):
/media/SSD2/kavindya/Model/TFS-ViT_Token-level_Feature_Stylization/domainbed/visiontransformer.py:1031: UserWarning: Overwriting vit_large_patch32_384 in registry with domainbed.visiontransformer.vit_large_patch32_384. This is because the name being registered conflicts with an existing name. Please check if this is not expected.
  def vit_large_patch32_384(pretrained=False, **kwargs):
/media/SSD2/kavindya/Model/TFS-ViT_Token-level_Feature_Stylization/domainbed/visiontransformer.py:1057: UserWarning: Overwriting vit_small_resnet26d_224 in registry with domainbed.visiontransformer.vit_small_resnet26d_224. This is because the name being registered conflicts with an existing name. Please check if this is not expected.
  def vit_small_resnet26d_224(pretrained=False, **kwargs):
/media/SSD2/kavindya/Model/TFS-ViT_Token-level_Feature_Stylization/domainbed/visiontransformer.py:1077: UserWarning: Overwriting vit_base_resnet26d_224 in registry with domainbed.visiontransformer.vit_base_resnet26d_224. This is because the name being registered conflicts with an existing name. Please check if this is not expected.
  def vit_base_resnet26d_224(pretrained=False, **kwargs):
/media/SSD2/kavindya/Model/TFS-ViT_Token-level_Feature_Stylization/domainbed/visiontransformer.py:1087: UserWarning: Overwriting vit_base_resnet50d_224 in registry with domainbed.visiontransformer.vit_base_resnet50d_224. This is because the name being registered conflicts with an existing name. Please check if this is not expected.
  def vit_base_resnet50d_224(pretrained=False, **kwargs):
Incomplete: ./Results/ImageNet/Fullset/Small_Epoch/RandConv_ViT/DeiTBase/t1_s0 ('ImageNet', 'RandConv_ViT', [1], 0)
1 jobs: 0 done, 1 incomplete, 0 not launched.
python -m domainbed.scripts.train --algorithm RandConv_ViT --data_dir /media/SSD2/Dataset --dataset ImageNet --holdout_fraction 0.2 --hparams '{"backbone":"DeiTBase","batch_size":64,"lr":5e-05 ,"resnet_dropout":0.0,"custom_train_val":true,"custom_train":0,"custom_val":1,"weight_decay":0.0,"fixed_featurizer":false}' --hparams_seed 0 --output_dir ./Results/ImageNet/Fullset/Small_Epoch/RandConv_ViT/DeiTBase/t1_s0 --seed 6113218 --task domain_generalization --test_envs 1 --trial_seed 0
About to delete 1 jobs.
Good to go
Deleting...
Deleted 1 jobs!
/media/SSD2/kavindya/Model/TFS-ViT_Token-level_Feature_Stylization/domainbed/visiontransformer.py:962: UserWarning: Overwriting vit_small_patch16_224 in registry with domainbed.visiontransformer.vit_small_patch16_224. This is because the name being registered conflicts with an existing name. Please check if this is not expected.
  def vit_small_patch16_224(pretrained=False, **kwargs):
/media/SSD2/kavindya/Model/TFS-ViT_Token-level_Feature_Stylization/domainbed/visiontransformer.py:975: UserWarning: Overwriting vit_base_patch16_224 in registry with domainbed.visiontransformer.vit_base_patch16_224. This is because the name being registered conflicts with an existing name. Please check if this is not expected.
  def vit_base_patch16_224(pretrained=False, **kwargs):
/media/SSD2/kavindya/Model/TFS-ViT_Token-level_Feature_Stylization/domainbed/visiontransformer.py:987: UserWarning: Overwriting vit_base_patch16_384 in registry with domainbed.visiontransformer.vit_base_patch16_384. This is because the name being registered conflicts with an existing name. Please check if this is not expected.
  def vit_base_patch16_384(pretrained=False, **kwargs):
/media/SSD2/kavindya/Model/TFS-ViT_Token-level_Feature_Stylization/domainbed/visiontransformer.py:998: UserWarning: Overwriting vit_base_patch32_384 in registry with domainbed.visiontransformer.vit_base_patch32_384. This is because the name being registered conflicts with an existing name. Please check if this is not expected.
  def vit_base_patch32_384(pretrained=False, **kwargs):
/media/SSD2/kavindya/Model/TFS-ViT_Token-level_Feature_Stylization/domainbed/visiontransformer.py:1009: UserWarning: Overwriting vit_large_patch16_224 in registry with domainbed.visiontransformer.vit_large_patch16_224. This is because the name being registered conflicts with an existing name. Please check if this is not expected.
  def vit_large_patch16_224(pretrained=False, **kwargs):
/media/SSD2/kavindya/Model/TFS-ViT_Token-level_Feature_Stylization/domainbed/visiontransformer.py:1020: UserWarning: Overwriting vit_large_patch16_384 in registry with domainbed.visiontransformer.vit_large_patch16_384. This is because the name being registered conflicts with an existing name. Please check if this is not expected.
  def vit_large_patch16_384(pretrained=False, **kwargs):
/media/SSD2/kavindya/Model/TFS-ViT_Token-level_Feature_Stylization/domainbed/visiontransformer.py:1031: UserWarning: Overwriting vit_large_patch32_384 in registry with domainbed.visiontransformer.vit_large_patch32_384. This is because the name being registered conflicts with an existing name. Please check if this is not expected.
  def vit_large_patch32_384(pretrained=False, **kwargs):
/media/SSD2/kavindya/Model/TFS-ViT_Token-level_Feature_Stylization/domainbed/visiontransformer.py:1057: UserWarning: Overwriting vit_small_resnet26d_224 in registry with domainbed.visiontransformer.vit_small_resnet26d_224. This is because the name being registered conflicts with an existing name. Please check if this is not expected.
  def vit_small_resnet26d_224(pretrained=False, **kwargs):
/media/SSD2/kavindya/Model/TFS-ViT_Token-level_Feature_Stylization/domainbed/visiontransformer.py:1077: UserWarning: Overwriting vit_base_resnet26d_224 in registry with domainbed.visiontransformer.vit_base_resnet26d_224. This is because the name being registered conflicts with an existing name. Please check if this is not expected.
  def vit_base_resnet26d_224(pretrained=False, **kwargs):
/media/SSD2/kavindya/Model/TFS-ViT_Token-level_Feature_Stylization/domainbed/visiontransformer.py:1087: UserWarning: Overwriting vit_base_resnet50d_224 in registry with domainbed.visiontransformer.vit_base_resnet50d_224. This is because the name being registered conflicts with an existing name. Please check if this is not expected.
  def vit_base_resnet50d_224(pretrained=False, **kwargs):
  0%|          | 0/1 [00:00<?, ?it/s]                                     Environment:
	Python: 3.8.8
	PyTorch: 2.0.1+cu117
	Torchvision: 0.15.2+cu117
	CUDA: 11.7
	CUDNN: 8500
	NumPy: 1.20.1
	PIL: 8.2.0
Args:
	algorithm: RandConv_ViT
	checkpoint_freq: None
	data_dir: /media/SSD2/Dataset
	dataset: ImageNet
	holdout_fraction: 0.2
	hparams: {"backbone":"ViTBase","batch_size":64,"lr":5e-05 ,"resnet_dropout":0.0,"custom_train_val":true,"custom_train":0,"custom_val":1,"weight_decay":0.0,"fixed_featurizer":false}
	hparams_seed: 0
	output_dir: ./Results/ImageNet/Fullset/Small_Epoch/RandConv_ViT/ViTBase/t1_s0
	save_best_model: True
	save_model_every_checkpoint: False
	seed: 6113218
	skip_model_save: False
	steps: None
	task: domain_generalization
	test_envs: [1]
	trial_seed: 0
	uda_holdout_fraction: 0
HParams:
	alpha_max: 1.0
	alpha_min: 0.0
	backbone: ViTBase
	batch_size: 64
	class_balanced: False
	consistency_loss_w: 10.0
	custom_train: 0
	custom_train_val: True
	custom_val: 1
	data_augmentation: False
	digits: True
	empty_fc: False
	empty_head: False
	eval: False
	fixed_featurizer: False
	identity_prob: 0.0
	invariant_loss: True
	lr: 5e-05
	mixing: True
	nonlinear_classifier: False
	randomize_kernel: True
	resnet18: False
	resnet_dropout: 0.0
	test_env: [1]
	weight_decay: 0.0
	weight_decay_d: 0.0
device: cuda
Current cuda device  0
[INFO] NOT Doing Data Augmentation
[INFO] NOT Doing Data Augmentation
50000  length of val  1281167  length of train
env  train  in  1281167  out  50000
ViTBase Network
full_model_tuning_only
+ checkpoint_freq: 1000
Terminated
Not launched: ./Results/ImageNet/Fullset/Small_Epoch/RandConv_ViT/ViTBase/t1_s0 ('ImageNet', 'RandConv_ViT', [1], 0)
1 jobs: 0 done, 0 incomplete, 1 not launched.
python -m domainbed.scripts.train --algorithm RandConv_ViT --data_dir /media/SSD2/Dataset --dataset ImageNet --holdout_fraction 0.2 --hparams '{"backbone":"ViTBase","batch_size":64,"lr":5e-05 ,"resnet_dropout":0.0,"custom_train_val":true,"custom_train":0,"custom_val":1,"weight_decay":0.0,"fixed_featurizer":false}' --hparams_seed 0 --output_dir ./Results/ImageNet/Fullset/Small_Epoch/RandConv_ViT/ViTBase/t1_s0 --seed 6113218 --task domain_generalization --test_envs 1 --trial_seed 0
About to launch 1 jobs.
Good to go
Launching...
Making job directories:
WARNING: using experimental multi_gpu_launcher.
Launched 1 jobs!
/media/SSD2/kavindya/Model/TFS-ViT_Token-level_Feature_Stylization/domainbed/visiontransformer.py:962: UserWarning: Overwriting vit_small_patch16_224 in registry with domainbed.visiontransformer.vit_small_patch16_224. This is because the name being registered conflicts with an existing name. Please check if this is not expected.
  def vit_small_patch16_224(pretrained=False, **kwargs):
/media/SSD2/kavindya/Model/TFS-ViT_Token-level_Feature_Stylization/domainbed/visiontransformer.py:975: UserWarning: Overwriting vit_base_patch16_224 in registry with domainbed.visiontransformer.vit_base_patch16_224. This is because the name being registered conflicts with an existing name. Please check if this is not expected.
  def vit_base_patch16_224(pretrained=False, **kwargs):
/media/SSD2/kavindya/Model/TFS-ViT_Token-level_Feature_Stylization/domainbed/visiontransformer.py:987: UserWarning: Overwriting vit_base_patch16_384 in registry with domainbed.visiontransformer.vit_base_patch16_384. This is because the name being registered conflicts with an existing name. Please check if this is not expected.
  def vit_base_patch16_384(pretrained=False, **kwargs):
/media/SSD2/kavindya/Model/TFS-ViT_Token-level_Feature_Stylization/domainbed/visiontransformer.py:998: UserWarning: Overwriting vit_base_patch32_384 in registry with domainbed.visiontransformer.vit_base_patch32_384. This is because the name being registered conflicts with an existing name. Please check if this is not expected.
  def vit_base_patch32_384(pretrained=False, **kwargs):
/media/SSD2/kavindya/Model/TFS-ViT_Token-level_Feature_Stylization/domainbed/visiontransformer.py:1009: UserWarning: Overwriting vit_large_patch16_224 in registry with domainbed.visiontransformer.vit_large_patch16_224. This is because the name being registered conflicts with an existing name. Please check if this is not expected.
  def vit_large_patch16_224(pretrained=False, **kwargs):
/media/SSD2/kavindya/Model/TFS-ViT_Token-level_Feature_Stylization/domainbed/visiontransformer.py:1020: UserWarning: Overwriting vit_large_patch16_384 in registry with domainbed.visiontransformer.vit_large_patch16_384. This is because the name being registered conflicts with an existing name. Please check if this is not expected.
  def vit_large_patch16_384(pretrained=False, **kwargs):
/media/SSD2/kavindya/Model/TFS-ViT_Token-level_Feature_Stylization/domainbed/visiontransformer.py:1031: UserWarning: Overwriting vit_large_patch32_384 in registry with domainbed.visiontransformer.vit_large_patch32_384. This is because the name being registered conflicts with an existing name. Please check if this is not expected.
  def vit_large_patch32_384(pretrained=False, **kwargs):
/media/SSD2/kavindya/Model/TFS-ViT_Token-level_Feature_Stylization/domainbed/visiontransformer.py:1057: UserWarning: Overwriting vit_small_resnet26d_224 in registry with domainbed.visiontransformer.vit_small_resnet26d_224. This is because the name being registered conflicts with an existing name. Please check if this is not expected.
  def vit_small_resnet26d_224(pretrained=False, **kwargs):
/media/SSD2/kavindya/Model/TFS-ViT_Token-level_Feature_Stylization/domainbed/visiontransformer.py:1077: UserWarning: Overwriting vit_base_resnet26d_224 in registry with domainbed.visiontransformer.vit_base_resnet26d_224. This is because the name being registered conflicts with an existing name. Please check if this is not expected.
  def vit_base_resnet26d_224(pretrained=False, **kwargs):
/media/SSD2/kavindya/Model/TFS-ViT_Token-level_Feature_Stylization/domainbed/visiontransformer.py:1087: UserWarning: Overwriting vit_base_resnet50d_224 in registry with domainbed.visiontransformer.vit_base_resnet50d_224. This is because the name being registered conflicts with an existing name. Please check if this is not expected.
  def vit_base_resnet50d_224(pretrained=False, **kwargs):
  0%|          | 0/1 [00:00<?, ?it/s]                                     Environment:
	Python: 3.8.8
	PyTorch: 2.0.1+cu117
	Torchvision: 0.15.2+cu117
	CUDA: 11.7
	CUDNN: 8500
	NumPy: 1.20.1
	PIL: 8.2.0
Args:
	algorithm: RandConv_ViT
	checkpoint_freq: None
	data_dir: /media/SSD2/Dataset
	dataset: ImageNet
	holdout_fraction: 0.2
	hparams: {"backbone":"DeiTBase","batch_size":64,"lr":5e-05 ,"resnet_dropout":0.0,"custom_train_val":true,"custom_train":0,"custom_val":1,"weight_decay":0.0,"fixed_featurizer":false}
	hparams_seed: 0
	output_dir: ./Results/ImageNet/Fullset/Small_Epoch/RandConv_ViT/DeiTBase/t1_s0
	save_best_model: True
	save_model_every_checkpoint: False
	seed: 6113218
	skip_model_save: False
	steps: None
	task: domain_generalization
	test_envs: [1]
	trial_seed: 0
	uda_holdout_fraction: 0
HParams:
	alpha_max: 1.0
	alpha_min: 0.0
	backbone: DeiTBase
	batch_size: 64
	class_balanced: False
	consistency_loss_w: 10.0
	custom_train: 0
	custom_train_val: True
	custom_val: 1
	data_augmentation: False
	digits: True
	empty_fc: False
	empty_head: False
	eval: False
	fixed_featurizer: False
	identity_prob: 0.0
	invariant_loss: True
	lr: 5e-05
	mixing: True
	nonlinear_classifier: False
	randomize_kernel: True
	resnet18: False
	resnet_dropout: 0.0
	test_env: [1]
	weight_decay: 0.0
	weight_decay_d: 0.0
device: cuda
Current cuda device  0
[INFO] NOT Doing Data Augmentation
[INFO] NOT Doing Data Augmentation
50000  length of val  1281167  length of train
env  train  in  1281167  out  50000
DeiTBase Network
full_model_tuning_only
+ checkpoint_freq: 1000
Terminated
Not launched: ./Results/ImageNet/Fullset/Small_Epoch/RandConv_ViT/DeiTBase/t1_s0 ('ImageNet', 'RandConv_ViT', [1], 0)
1 jobs: 0 done, 0 incomplete, 1 not launched.
python -m domainbed.scripts.train --algorithm RandConv_ViT --data_dir /media/SSD2/Dataset --dataset ImageNet --holdout_fraction 0.2 --hparams '{"backbone":"DeiTBase","batch_size":64,"lr":5e-05 ,"resnet_dropout":0.0,"custom_train_val":true,"custom_train":0,"custom_val":1,"weight_decay":0.0,"fixed_featurizer":false}' --hparams_seed 0 --output_dir ./Results/ImageNet/Fullset/Small_Epoch/RandConv_ViT/DeiTBase/t1_s0 --seed 6113218 --task domain_generalization --test_envs 1 --trial_seed 0
About to launch 1 jobs.
Good to go
Launching...
Making job directories:
WARNING: using experimental multi_gpu_launcher.
Launched 1 jobs!
